2024-02-09 12:28:06,689 DEBUG    root            Loaded Command Group: ['gcloud', 'transcoder']
2024-02-09 12:28:06,697 DEBUG    root            Loaded Command Group: ['gcloud', 'privateca']
2024-02-09 12:28:06,761 DEBUG    root            Loaded Command Group: ['gcloud', 'api_gateway']
2024-02-09 12:28:07,143 DEBUG    root            Loaded Command Group: ['gcloud', 'compute']
2024-02-09 12:28:07,175 DEBUG    root            Loaded Command Group: ['gcloud', 'pubsub']
2024-02-09 12:28:07,189 DEBUG    root            Loaded Command Group: ['gcloud', 'storage']
2024-02-09 12:28:07,198 DEBUG    root            No implementation for release track [GA] for element: [/mnt/c/Users/namhyuck.kim/AppData/Local/Google/Cloud SDK/google-cloud-sdk/lib/surface/netapp]
2024-02-09 12:28:07,200 DEBUG    root            Loaded Command Group: ['gcloud', 'essential_contacts']
2024-02-09 12:28:07,207 DEBUG    root            Loaded Command Group: ['gcloud', 'run']
2024-02-09 12:28:07,215 DEBUG    root            Loaded Command Group: ['gcloud', 'app']
2024-02-09 12:28:07,226 DEBUG    root            Loaded Command Group: ['gcloud', 'service_directory']
2024-02-09 12:28:07,234 DEBUG    root            Loaded Command Group: ['gcloud', 'healthcare']
2024-02-09 12:28:07,258 DEBUG    root            Loaded Command Group: ['gcloud', 'survey']
2024-02-09 12:28:07,262 DEBUG    root            No implementation for release track [GA] for element: [/mnt/c/Users/namhyuck.kim/AppData/Local/Google/Cloud SDK/google-cloud-sdk/lib/surface/microservices]
2024-02-09 12:28:07,264 DEBUG    root            Loaded Command Group: ['gcloud', 'scc']
2024-02-09 12:28:07,272 DEBUG    root            Loaded Command Group: ['gcloud', 'immersive_stream']
2024-02-09 12:28:07,278 DEBUG    root            Loaded Command Group: ['gcloud', 'dataplex']
2024-02-09 12:28:07,285 DEBUG    root            Loaded Command Group: ['gcloud', 'logging']
2024-02-09 12:28:07,296 DEBUG    root            Loaded Command Group: ['gcloud', 'policy_intelligence']
2024-02-09 12:28:07,303 DEBUG    root            Loaded Command Group: ['gcloud', 'datastream']
2024-02-09 12:28:07,310 DEBUG    root            Loaded Command Group: ['gcloud', 'resource_manager']
2024-02-09 12:28:07,322 DEBUG    root            Loaded Command Group: ['gcloud', 'debug']
2024-02-09 12:28:07,329 DEBUG    root            No implementation for release track [GA] for element: [/mnt/c/Users/namhyuck.kim/AppData/Local/Google/Cloud SDK/google-cloud-sdk/lib/surface/media]
2024-02-09 12:28:07,331 DEBUG    root            No implementation for release track [GA] for element: [/mnt/c/Users/namhyuck.kim/AppData/Local/Google/Cloud SDK/google-cloud-sdk/lib/surface/resource_config]
2024-02-09 12:28:07,334 DEBUG    root            Loaded Command Group: ['gcloud', 'config']
2024-02-09 12:28:07,359 DEBUG    root            Loaded Command Group: ['gcloud', 'init']
2024-02-09 12:28:07,364 DEBUG    root            No implementation for release track [GA] for element: [/mnt/c/Users/namhyuck.kim/AppData/Local/Google/Cloud SDK/google-cloud-sdk/lib/surface/trace]
2024-02-09 12:28:07,371 DEBUG    root            No implementation for release track [GA] for element: [/mnt/c/Users/namhyuck.kim/AppData/Local/Google/Cloud SDK/google-cloud-sdk/lib/surface/runtime_config]
2024-02-09 12:28:07,373 DEBUG    root            Loaded Command Group: ['gcloud', 'iam']
2024-02-09 12:28:07,381 DEBUG    root            Loaded Command Group: ['gcloud', 'secrets']
2024-02-09 12:28:07,584 DEBUG    root            No implementation for release track [GA] for element: [/mnt/c/Users/namhyuck.kim/AppData/Local/Google/Cloud SDK/google-cloud-sdk/lib/surface/interactive]
2024-02-09 12:28:07,589 DEBUG    root            Loaded Command Group: ['gcloud', 'cheat_sheet']
2024-02-09 12:28:07,594 DEBUG    root            No implementation for release track [GA] for element: [/mnt/c/Users/namhyuck.kim/AppData/Local/Google/Cloud SDK/google-cloud-sdk/lib/surface/looker]
2024-02-09 12:28:07,596 DEBUG    root            Loaded Command Group: ['gcloud', 'resource_settings']
2024-02-09 12:28:07,602 DEBUG    root            Loaded Command Group: ['gcloud', 'filestore']
2024-02-09 12:28:07,609 DEBUG    root            Loaded Command Group: ['gcloud', 'ids']
2024-02-09 12:28:07,615 DEBUG    root            Loaded Command Group: ['gcloud', 'policy_troubleshoot']
2024-02-09 12:28:07,620 DEBUG    root            No implementation for release track [GA] for element: [/mnt/c/Users/namhyuck.kim/AppData/Local/Google/Cloud SDK/google-cloud-sdk/lib/surface/dlp]
2024-02-09 12:28:07,621 DEBUG    root            No implementation for release track [GA] for element: [/mnt/c/Users/namhyuck.kim/AppData/Local/Google/Cloud SDK/google-cloud-sdk/lib/surface/source_manager]
2024-02-09 12:28:07,623 DEBUG    root            Loaded Command Group: ['gcloud', 'batch']
2024-02-09 12:28:07,629 DEBUG    root            Loaded Command Group: ['gcloud', 'org_policies']
2024-02-09 12:28:07,636 DEBUG    root            Loaded Command Group: ['gcloud', 'kms']
2024-02-09 12:28:07,644 DEBUG    root            No implementation for release track [GA] for element: [/mnt/c/Users/namhyuck.kim/AppData/Local/Google/Cloud SDK/google-cloud-sdk/lib/surface/remote_build_execution]
2024-02-09 12:28:07,647 DEBUG    root            No implementation for release track [GA] for element: [/mnt/c/Users/namhyuck.kim/AppData/Local/Google/Cloud SDK/google-cloud-sdk/lib/surface/blueprints]
2024-02-09 12:28:07,649 DEBUG    root            Loaded Command Group: ['gcloud', 'services']
2024-02-09 12:28:07,679 DEBUG    root            Loaded Command Group: ['gcloud', 'data_catalog']
2024-02-09 12:28:07,690 DEBUG    root            Loaded Command Group: ['gcloud', 'iap']
2024-02-09 12:28:07,699 DEBUG    root            Loaded Command Group: ['gcloud', 'deployment_manager']
2024-02-09 12:28:07,706 DEBUG    root            Loaded Command Group: ['gcloud', 'emulators']
2024-02-09 12:28:07,713 DEBUG    root            Loaded Command Group: ['gcloud', 'scheduler']
2024-02-09 12:28:07,718 DEBUG    root            Loaded Command Group: ['gcloud', 'endpoints']
2024-02-09 12:28:07,724 DEBUG    root            Loaded Command Group: ['gcloud', 'tasks']
2024-02-09 12:28:07,732 DEBUG    root            No implementation for release track [GA] for element: [/mnt/c/Users/namhyuck.kim/AppData/Local/Google/Cloud SDK/google-cloud-sdk/lib/surface/workstations]
2024-02-09 12:28:07,734 DEBUG    root            Loaded Command Group: ['gcloud', 'alloydb']
2024-02-09 12:28:07,740 DEBUG    root            No implementation for release track [GA] for element: [/mnt/c/Users/namhyuck.kim/AppData/Local/Google/Cloud SDK/google-cloud-sdk/lib/surface/publicca]
2024-02-09 12:28:07,742 DEBUG    root            Loaded Command Group: ['gcloud', 'edge_cache']
2024-02-09 12:28:07,749 DEBUG    root            Loaded Command Group: ['gcloud', 'asset']
2024-02-09 12:28:07,757 DEBUG    root            Loaded Command Group: ['gcloud', 'workflows']
2024-02-09 12:28:07,777 DEBUG    root            Loaded Command Group: ['gcloud', 'builds']
2024-02-09 12:28:07,786 DEBUG    root            No implementation for release track [GA] for element: [/mnt/c/Users/namhyuck.kim/AppData/Local/Google/Cloud SDK/google-cloud-sdk/lib/surface/web_security_scanner]
2024-02-09 12:28:07,789 DEBUG    root            Loaded Command Group: ['gcloud', 'active_directory']
2024-02-09 12:28:07,796 DEBUG    root            Loaded Command Group: ['gcloud', 'dns']
2024-02-09 12:28:07,804 DEBUG    root            Loaded Command Group: ['gcloud', 'apigee']
2024-02-09 12:28:07,813 DEBUG    root            Loaded Command Group: ['gcloud', 'assured']
2024-02-09 12:28:07,819 DEBUG    root            Loaded Command Group: ['gcloud', 'network_connectivity']
2024-02-09 12:28:07,828 DEBUG    root            Loaded Command Group: ['gcloud', 'deploy']
2024-02-09 12:28:07,838 DEBUG    root            No implementation for release track [GA] for element: [/mnt/c/Users/namhyuck.kim/AppData/Local/Google/Cloud SDK/google-cloud-sdk/lib/surface/dialogflow]
2024-02-09 12:28:07,840 DEBUG    root            Loaded Command Group: ['gcloud', 'metastore']
2024-02-09 12:28:07,847 DEBUG    root            Loaded Command Group: ['gcloud', 'ai_platform']
2024-02-09 12:28:07,855 DEBUG    root            Loaded Command Group: ['gcloud', 'memcache']
2024-02-09 12:28:07,862 DEBUG    root            Loaded Command Group: ['gcloud', 'access_context_manager']
2024-02-09 12:28:07,869 DEBUG    root            Loaded Command Group: ['gcloud', 'vmware']
2024-02-09 12:28:07,878 DEBUG    root            Loaded Command Group: ['gcloud', 'bigtable']
2024-02-09 12:28:07,986 DEBUG    root            No implementation for release track [GA] for element: [/mnt/c/Users/namhyuck.kim/AppData/Local/Google/Cloud SDK/google-cloud-sdk/lib/surface/events]
2024-02-09 12:28:07,989 DEBUG    root            Loaded Command Group: ['gcloud', 'cloud_shell']
2024-02-09 12:28:07,995 DEBUG    root            No implementation for release track [GA] for element: [/mnt/c/Users/namhyuck.kim/AppData/Local/Google/Cloud SDK/google-cloud-sdk/lib/surface/blockchain_node_engine]
2024-02-09 12:28:07,997 DEBUG    root            Loaded Command Group: ['gcloud', 'certificate_manager']
2024-02-09 12:28:08,005 DEBUG    root            Loaded Command Group: ['gcloud', 'bms']
2024-02-09 12:28:08,013 DEBUG    root            No implementation for release track [GA] for element: [/mnt/c/Users/namhyuck.kim/AppData/Local/Google/Cloud SDK/google-cloud-sdk/lib/surface/kuberun]
2024-02-09 12:28:08,015 DEBUG    root            Loaded Command Group: ['gcloud', 'components']
2024-02-09 12:28:08,022 DEBUG    root            Loaded Command Group: ['gcloud', 'firestore']
2024-02-09 12:28:08,030 DEBUG    root            Loaded Command Group: ['gcloud', 'sql']
2024-02-09 12:28:08,039 DEBUG    root            No implementation for release track [GA] for element: [/mnt/c/Users/namhyuck.kim/AppData/Local/Google/Cloud SDK/google-cloud-sdk/lib/surface/terraform]
2024-02-09 12:28:08,046 DEBUG    root            No implementation for release track [GA] for element: [/mnt/c/Users/namhyuck.kim/AppData/Local/Google/Cloud SDK/google-cloud-sdk/lib/surface/code]
2024-02-09 12:28:08,055 DEBUG    root            Loaded Command Group: ['gcloud', 'docker']
2024-02-09 12:28:08,059 DEBUG    root            Loaded Command Group: ['gcloud', 'datastore']
2024-02-09 12:28:08,065 DEBUG    root            Loaded Command Group: ['gcloud', 'redis']
2024-02-09 12:28:08,072 DEBUG    root            Loaded Command Group: ['gcloud', 'composer']
2024-02-09 12:28:08,077 DEBUG    root            Loaded Command Group: ['gcloud', 'artifacts']
2024-02-09 12:28:08,089 DEBUG    root            Loaded Command Group: ['gcloud', 'recommender']
2024-02-09 12:28:08,098 DEBUG    root            Loaded Command Group: ['gcloud', 'source']
2024-02-09 12:28:08,104 DEBUG    root            Loaded Command Group: ['gcloud', 'notebooks']
2024-02-09 12:28:08,110 DEBUG    root            Loaded Command Group: ['gcloud', 'access_approval']
2024-02-09 12:28:08,126 DEBUG    root            Loaded Command Group: ['gcloud', 'functions']
2024-02-09 12:28:08,136 DEBUG    root            Loaded Command Group: ['gcloud', 'auth']
2024-02-09 12:28:08,143 DEBUG    root            Loaded Command Group: ['gcloud', 'projects']
2024-02-09 12:28:08,164 DEBUG    root            Loaded Command Group: ['gcloud', 'help']
2024-02-09 12:28:08,168 DEBUG    root            Loaded Command Group: ['gcloud', 'domains']
2024-02-09 12:28:08,173 DEBUG    root            Loaded Command Group: ['gcloud', 'workspace_add_ons']
2024-02-09 12:28:08,178 DEBUG    root            Loaded Command Group: ['gcloud', 'spanner']
2024-02-09 12:28:08,186 DEBUG    root            Loaded Command Group: ['gcloud', 'topic']
2024-02-09 12:28:08,193 DEBUG    root            Loaded Command Group: ['gcloud', 'transfer']
2024-02-09 12:28:08,201 DEBUG    root            No implementation for release track [GA] for element: [/mnt/c/Users/namhyuck.kim/AppData/Local/Google/Cloud SDK/google-cloud-sdk/lib/surface/error_reporting]
2024-02-09 12:28:08,203 DEBUG    root            Loaded Command Group: ['gcloud', 'edge_cloud']
2024-02-09 12:28:08,209 DEBUG    root            Loaded Command Group: ['gcloud', 'game']
2024-02-09 12:28:08,215 DEBUG    root            Loaded Command Group: ['gcloud', 'ai']
2024-02-09 12:28:08,225 DEBUG    root            Loaded Command Group: ['gcloud', 'eventarc']
2024-02-09 12:28:08,236 DEBUG    root            Loaded Command Group: ['gcloud', 'version']
2024-02-09 12:28:08,241 DEBUG    root            No implementation for release track [GA] for element: [/mnt/c/Users/namhyuck.kim/AppData/Local/Google/Cloud SDK/google-cloud-sdk/lib/surface/lifesciences]
2024-02-09 12:28:08,243 DEBUG    root            Loaded Command Group: ['gcloud', 'iot']
2024-02-09 12:28:08,249 DEBUG    root            Loaded Command Group: ['gcloud', 'meta']
2024-02-09 12:28:08,258 DEBUG    root            Loaded Command Group: ['gcloud', 'ml']
2024-02-09 12:28:08,265 DEBUG    root            Loaded Command Group: ['gcloud', 'anthos']
2024-02-09 12:28:08,272 DEBUG    root            Loaded Command Group: ['gcloud', 'network_management']
2024-02-09 12:28:08,279 DEBUG    root            No implementation for release track [GA] for element: [/mnt/c/Users/namhyuck.kim/AppData/Local/Google/Cloud SDK/google-cloud-sdk/lib/surface/commerce_procurement]
2024-02-09 12:28:08,281 DEBUG    root            Loaded Command Group: ['gcloud', 'identity']
2024-02-09 12:28:08,287 DEBUG    root            No implementation for release track [GA] for element: [/mnt/c/Users/namhyuck.kim/AppData/Local/Google/Cloud SDK/google-cloud-sdk/lib/surface/bq]
2024-02-09 12:28:08,289 DEBUG    root            No implementation for release track [GA] for element: [/mnt/c/Users/namhyuck.kim/AppData/Local/Google/Cloud SDK/google-cloud-sdk/lib/surface/data_fusion]
2024-02-09 12:28:08,291 DEBUG    root            Loaded Command Group: ['gcloud', 'organizations']
2024-02-09 12:28:08,297 DEBUG    root            Loaded Command Group: ['gcloud', 'network_services']
2024-02-09 12:28:08,306 DEBUG    root            Loaded Command Group: ['gcloud', 'dataproc']
2024-02-09 12:28:08,314 DEBUG    root            No implementation for release track [GA] for element: [/mnt/c/Users/namhyuck.kim/AppData/Local/Google/Cloud SDK/google-cloud-sdk/lib/surface/datapipelines]
2024-02-09 12:28:08,316 DEBUG    root            Loaded Command Group: ['gcloud', 'dataflow']
2024-02-09 12:28:08,324 DEBUG    root            Loaded Command Group: ['gcloud', 'database_migration']
2024-02-09 12:28:08,331 DEBUG    root            Loaded Command Group: ['gcloud', 'billing']
2024-02-09 12:28:08,344 DEBUG    root            Loaded Command Group: ['gcloud', 'feedback']
2024-02-09 12:28:08,348 DEBUG    root            Loaded Command Group: ['gcloud', 'ml_engine']
2024-02-09 12:28:08,356 DEBUG    root            No implementation for release track [GA] for element: [/mnt/c/Users/namhyuck.kim/AppData/Local/Google/Cloud SDK/google-cloud-sdk/lib/surface/telco_automation]
2024-02-09 12:28:08,358 DEBUG    root            No implementation for release track [GA] for element: [/mnt/c/Users/namhyuck.kim/AppData/Local/Google/Cloud SDK/google-cloud-sdk/lib/surface/beyondcorp]
2024-02-09 12:28:08,360 DEBUG    root            Loaded Command Group: ['gcloud', 'recaptcha']
2024-02-09 12:28:08,365 DEBUG    root            Loaded Command Group: ['gcloud', 'network_security']
2024-02-09 12:28:08,372 DEBUG    root            Loaded Command Group: ['gcloud', 'firebase']
2024-02-09 12:28:08,378 DEBUG    root            No implementation for release track [GA] for element: [/mnt/c/Users/namhyuck.kim/AppData/Local/Google/Cloud SDK/google-cloud-sdk/lib/surface/genomics]
2024-02-09 12:28:08,384 DEBUG    root            Loaded Command Group: ['gcloud', 'info']
2024-02-09 12:28:08,388 DEBUG    root            No implementation for release track [GA] for element: [/mnt/c/Users/namhyuck.kim/AppData/Local/Google/Cloud SDK/google-cloud-sdk/lib/surface/network_actions]
2024-02-09 12:28:08,390 DEBUG    root            Loaded Command Group: ['gcloud', 'monitoring']
2024-02-09 12:28:08,397 DEBUG    root            No implementation for release track [GA] for element: [/mnt/c/Users/namhyuck.kim/AppData/Local/Google/Cloud SDK/google-cloud-sdk/lib/surface/workload_certificate]
2024-02-09 12:28:08,397 ERROR    root            (gcloud) Invalid choice: 'login'.
