2024-02-09 12:27:42,234 ERROR    root            (gcloud) Command name argument expected.
2024-02-09 12:27:42,255 DEBUG    root            Loaded Command Group: ['gcloud', 'builds']
2024-02-09 12:27:42,270 DEBUG    root            Loaded Command Group: ['gcloud', 'resource_manager']
2024-02-09 12:27:42,282 DEBUG    root            Loaded Command Group: ['gcloud', 'deployment_manager']
2024-02-09 12:27:42,366 DEBUG    root            Loaded Command Group: ['gcloud', 'ai_platform']
2024-02-09 12:27:42,379 DEBUG    root            Loaded Command Group: ['gcloud', 'apigee']
2024-02-09 12:27:42,391 DEBUG    root            Loaded Command Group: ['gcloud', 'firestore']
2024-02-09 12:27:42,402 DEBUG    root            Loaded Command Group: ['gcloud', 'endpoints']
2024-02-09 12:27:42,411 DEBUG    root            Loaded Command Group: ['gcloud', 'workspace_add_ons']
2024-02-09 12:27:42,419 DEBUG    root            Loaded Command Group: ['gcloud', 'run']
2024-02-09 12:27:42,433 DEBUG    root            Loaded Command Group: ['gcloud', 'game']
2024-02-09 12:27:42,442 DEBUG    root            Loaded Command Group: ['gcloud', 'network_management']
2024-02-09 12:27:42,451 DEBUG    root            Loaded Command Group: ['gcloud', 'edge_cache']
2024-02-09 12:27:42,463 DEBUG    root            Loaded Command Group: ['gcloud', 'access_approval']
2024-02-09 12:27:42,472 DEBUG    root            Loaded Command Group: ['gcloud', 'bms']
2024-02-09 12:27:42,485 DEBUG    root            Loaded Command Group: ['gcloud', 'certificate_manager']
2024-02-09 12:27:42,495 DEBUG    root            No implementation for release track [GA] for element: [/mnt/c/Users/namhyuck.kim/AppData/Local/Google/Cloud SDK/google-cloud-sdk/lib/surface/error_reporting]
2024-02-09 12:27:42,498 DEBUG    root            Loaded Command Group: ['gcloud', 'edge_cloud']
2024-02-09 12:27:42,506 DEBUG    root            Loaded Command Group: ['gcloud', 'domains']
2024-02-09 12:27:42,514 DEBUG    root            No implementation for release track [GA] for element: [/mnt/c/Users/namhyuck.kim/AppData/Local/Google/Cloud SDK/google-cloud-sdk/lib/surface/dlp]
2024-02-09 12:27:42,516 DEBUG    root            No implementation for release track [GA] for element: [/mnt/c/Users/namhyuck.kim/AppData/Local/Google/Cloud SDK/google-cloud-sdk/lib/surface/telco_automation]
2024-02-09 12:27:42,525 DEBUG    root            No implementation for release track [GA] for element: [/mnt/c/Users/namhyuck.kim/AppData/Local/Google/Cloud SDK/google-cloud-sdk/lib/surface/runtime_config]
2024-02-09 12:27:42,528 DEBUG    root            Loaded Command Group: ['gcloud', 'essential_contacts']
2024-02-09 12:27:42,536 DEBUG    root            Loaded Command Group: ['gcloud', 'vmware']
2024-02-09 12:27:42,552 DEBUG    root            Loaded Command Group: ['gcloud', 'version']
2024-02-09 12:27:42,558 DEBUG    root            Loaded Command Group: ['gcloud', 'iap']
2024-02-09 12:27:42,569 DEBUG    root            Loaded Command Group: ['gcloud', 'spanner']
2024-02-09 12:27:42,587 DEBUG    root            Loaded Command Group: ['gcloud', 'debug']
2024-02-09 12:27:43,128 DEBUG    root            Loaded Command Group: ['gcloud', 'compute']
2024-02-09 12:27:43,190 DEBUG    root            Loaded Command Group: ['gcloud', 'ai']
2024-02-09 12:27:43,233 DEBUG    root            Loaded Command Group: ['gcloud', 'help']
2024-02-09 12:27:43,238 DEBUG    root            Loaded Command Group: ['gcloud', 'identity']
2024-02-09 12:27:43,245 DEBUG    root            Loaded Command Group: ['gcloud', 'notebooks']
2024-02-09 12:27:43,256 DEBUG    root            Loaded Command Group: ['gcloud', 'workflows']
2024-02-09 12:27:43,274 DEBUG    root            No implementation for release track [GA] for element: [/mnt/c/Users/namhyuck.kim/AppData/Local/Google/Cloud SDK/google-cloud-sdk/lib/surface/code]
2024-02-09 12:27:43,277 DEBUG    root            Loaded Command Group: ['gcloud', 'pubsub']
2024-02-09 12:27:43,290 DEBUG    root            No implementation for release track [GA] for element: [/mnt/c/Users/namhyuck.kim/AppData/Local/Google/Cloud SDK/google-cloud-sdk/lib/surface/workstations]
2024-02-09 12:27:43,293 DEBUG    root            No implementation for release track [GA] for element: [/mnt/c/Users/namhyuck.kim/AppData/Local/Google/Cloud SDK/google-cloud-sdk/lib/surface/publicca]
2024-02-09 12:27:43,296 DEBUG    root            Loaded Command Group: ['gcloud', 'service_directory']
2024-02-09 12:27:43,307 DEBUG    root            No implementation for release track [GA] for element: [/mnt/c/Users/namhyuck.kim/AppData/Local/Google/Cloud SDK/google-cloud-sdk/lib/surface/blockchain_node_engine]
2024-02-09 12:27:43,310 DEBUG    root            Loaded Command Group: ['gcloud', 'scheduler']
2024-02-09 12:27:43,319 DEBUG    root            Loaded Command Group: ['gcloud', 'kms']
2024-02-09 12:27:43,331 DEBUG    root            Loaded Command Group: ['gcloud', 'ml_engine']
2024-02-09 12:27:43,341 DEBUG    root            Loaded Command Group: ['gcloud', 'datastream']
2024-02-09 12:27:43,353 DEBUG    root            No implementation for release track [GA] for element: [/mnt/c/Users/namhyuck.kim/AppData/Local/Google/Cloud SDK/google-cloud-sdk/lib/surface/source_manager]
2024-02-09 12:27:43,357 DEBUG    root            Loaded Command Group: ['gcloud', 'resource_settings']
2024-02-09 12:27:43,364 DEBUG    root            No implementation for release track [GA] for element: [/mnt/c/Users/namhyuck.kim/AppData/Local/Google/Cloud SDK/google-cloud-sdk/lib/surface/web_security_scanner]
2024-02-09 12:27:43,367 DEBUG    root            Loaded Command Group: ['gcloud', 'anthos']
2024-02-09 12:27:43,377 DEBUG    root            Loaded Command Group: ['gcloud', 'secrets']
2024-02-09 12:27:43,388 DEBUG    root            Loaded Command Group: ['gcloud', 'filestore']
2024-02-09 12:27:43,399 DEBUG    root            Loaded Command Group: ['gcloud', 'topic']
2024-02-09 12:27:43,409 DEBUG    root            No implementation for release track [GA] for element: [/mnt/c/Users/namhyuck.kim/AppData/Local/Google/Cloud SDK/google-cloud-sdk/lib/surface/trace]
2024-02-09 12:27:43,412 DEBUG    root            No implementation for release track [GA] for element: [/mnt/c/Users/namhyuck.kim/AppData/Local/Google/Cloud SDK/google-cloud-sdk/lib/surface/media]
2024-02-09 12:27:43,415 DEBUG    root            No implementation for release track [GA] for element: [/mnt/c/Users/namhyuck.kim/AppData/Local/Google/Cloud SDK/google-cloud-sdk/lib/surface/remote_build_execution]
2024-02-09 12:27:43,419 DEBUG    root            Loaded Command Group: ['gcloud', 'active_directory']
2024-02-09 12:27:43,428 DEBUG    root            Loaded Command Group: ['gcloud', 'bigtable']
2024-02-09 12:27:43,440 DEBUG    root            Loaded Command Group: ['gcloud', 'app']
2024-02-09 12:27:43,478 DEBUG    root            Loaded Command Group: ['gcloud', 'info']
2024-02-09 12:27:43,483 DEBUG    root            Loaded Command Group: ['gcloud', 'artifacts']
2024-02-09 12:27:43,502 DEBUG    root            Loaded Command Group: ['gcloud', 'iot']
2024-02-09 12:27:43,512 DEBUG    root            Loaded Command Group: ['gcloud', 'projects']
2024-02-09 12:27:43,523 DEBUG    root            Loaded Command Group: ['gcloud', 'emulators']
2024-02-09 12:27:43,534 DEBUG    root            Loaded Command Group: ['gcloud', 'tasks']
2024-02-09 12:27:43,555 DEBUG    root            Loaded Command Group: ['gcloud', 'init']
2024-02-09 12:27:43,560 DEBUG    root            Loaded Command Group: ['gcloud', 'dns']
2024-02-09 12:27:43,574 DEBUG    root            No implementation for release track [GA] for element: [/mnt/c/Users/namhyuck.kim/AppData/Local/Google/Cloud SDK/google-cloud-sdk/lib/surface/looker]
2024-02-09 12:27:43,578 DEBUG    root            Loaded Command Group: ['gcloud', 'recaptcha']
2024-02-09 12:27:43,587 DEBUG    root            Loaded Command Group: ['gcloud', 'billing']
2024-02-09 12:27:43,597 DEBUG    root            No implementation for release track [GA] for element: [/mnt/c/Users/namhyuck.kim/AppData/Local/Google/Cloud SDK/google-cloud-sdk/lib/surface/beyondcorp]
2024-02-09 12:27:43,600 DEBUG    root            Loaded Command Group: ['gcloud', 'eventarc']
2024-02-09 12:27:43,615 DEBUG    root            Loaded Command Group: ['gcloud', 'services']
2024-02-09 12:27:43,629 DEBUG    root            Loaded Command Group: ['gcloud', 'api_gateway']
2024-02-09 12:27:43,639 DEBUG    root            Loaded Command Group: ['gcloud', 'composer']
2024-02-09 12:27:43,657 DEBUG    root            Loaded Command Group: ['gcloud', 'docker']
2024-02-09 12:27:43,662 DEBUG    root            Loaded Command Group: ['gcloud', 'metastore']
2024-02-09 12:27:43,671 DEBUG    root            Loaded Command Group: ['gcloud', 'immersive_stream']
2024-02-09 12:27:43,678 DEBUG    root            Loaded Command Group: ['gcloud', 'healthcare']
2024-02-09 12:27:43,690 DEBUG    root            Loaded Command Group: ['gcloud', 'scc']
2024-02-09 12:27:43,703 DEBUG    root            No implementation for release track [GA] for element: [/mnt/c/Users/namhyuck.kim/AppData/Local/Google/Cloud SDK/google-cloud-sdk/lib/surface/bq]
2024-02-09 12:27:43,706 DEBUG    root            No implementation for release track [GA] for element: [/mnt/c/Users/namhyuck.kim/AppData/Local/Google/Cloud SDK/google-cloud-sdk/lib/surface/workload_certificate]
2024-02-09 12:27:43,709 DEBUG    root            No implementation for release track [GA] for element: [/mnt/c/Users/namhyuck.kim/AppData/Local/Google/Cloud SDK/google-cloud-sdk/lib/surface/data_fusion]
2024-02-09 12:27:43,711 DEBUG    root            Loaded Command Group: ['gcloud', 'memcache']
2024-02-09 12:27:43,720 DEBUG    root            Loaded Command Group: ['gcloud', 'auth']
2024-02-09 12:27:43,731 DEBUG    root            Loaded Command Group: ['gcloud', 'data_catalog']
2024-02-09 12:27:43,751 DEBUG    root            Loaded Command Group: ['gcloud', 'storage']
2024-02-09 12:27:43,767 DEBUG    root            Loaded Command Group: ['gcloud', 'cheat_sheet']
2024-02-09 12:27:43,774 DEBUG    root            No implementation for release track [GA] for element: [/mnt/c/Users/namhyuck.kim/AppData/Local/Google/Cloud SDK/google-cloud-sdk/lib/surface/terraform]
2024-02-09 12:27:43,777 DEBUG    root            No implementation for release track [GA] for element: [/mnt/c/Users/namhyuck.kim/AppData/Local/Google/Cloud SDK/google-cloud-sdk/lib/surface/resource_config]
2024-02-09 12:27:43,780 DEBUG    root            No implementation for release track [GA] for element: [/mnt/c/Users/namhyuck.kim/AppData/Local/Google/Cloud SDK/google-cloud-sdk/lib/surface/commerce_procurement]
2024-02-09 12:27:43,783 DEBUG    root            No implementation for release track [GA] for element: [/mnt/c/Users/namhyuck.kim/AppData/Local/Google/Cloud SDK/google-cloud-sdk/lib/surface/network_actions]
2024-02-09 12:27:43,786 DEBUG    root            Loaded Command Group: ['gcloud', 'dataflow']
2024-02-09 12:27:43,797 DEBUG    root            Loaded Command Group: ['gcloud', 'deploy']
2024-02-09 12:27:43,808 DEBUG    root            No implementation for release track [GA] for element: [/mnt/c/Users/namhyuck.kim/AppData/Local/Google/Cloud SDK/google-cloud-sdk/lib/surface/genomics]
2024-02-09 12:27:43,812 DEBUG    root            Loaded Command Group: ['gcloud', 'monitoring']
2024-02-09 12:27:43,824 DEBUG    root            Loaded Command Group: ['gcloud', 'database_migration']
2024-02-09 12:27:43,835 DEBUG    root            Loaded Command Group: ['gcloud', 'network_connectivity']
2024-02-09 12:27:43,847 DEBUG    root            Loaded Command Group: ['gcloud', 'sql']
2024-02-09 12:27:43,862 DEBUG    root            Loaded Command Group: ['gcloud', 'source']
2024-02-09 12:27:43,889 DEBUG    root            Loaded Command Group: ['gcloud', 'survey']
2024-02-09 12:27:43,895 DEBUG    root            Loaded Command Group: ['gcloud', 'firebase']
2024-02-09 12:27:43,903 DEBUG    root            No implementation for release track [GA] for element: [/mnt/c/Users/namhyuck.kim/AppData/Local/Google/Cloud SDK/google-cloud-sdk/lib/surface/datapipelines]
2024-02-09 12:27:43,906 DEBUG    root            Loaded Command Group: ['gcloud', 'dataproc']
2024-02-09 12:27:44,207 DEBUG    root            No implementation for release track [GA] for element: [/mnt/c/Users/namhyuck.kim/AppData/Local/Google/Cloud SDK/google-cloud-sdk/lib/surface/interactive]
2024-02-09 12:27:44,209 DEBUG    root            No implementation for release track [GA] for element: [/mnt/c/Users/namhyuck.kim/AppData/Local/Google/Cloud SDK/google-cloud-sdk/lib/surface/kuberun]
2024-02-09 12:27:44,212 DEBUG    root            Loaded Command Group: ['gcloud', 'transcoder']
2024-02-09 12:27:44,219 DEBUG    root            Loaded Command Group: ['gcloud', 'assured']
2024-02-09 12:27:44,338 DEBUG    root            No implementation for release track [GA] for element: [/mnt/c/Users/namhyuck.kim/AppData/Local/Google/Cloud SDK/google-cloud-sdk/lib/surface/events]
2024-02-09 12:27:44,340 DEBUG    root            Loaded Command Group: ['gcloud', 'cloud_shell']
2024-02-09 12:27:44,347 DEBUG    root            Loaded Command Group: ['gcloud', 'network_services']
2024-02-09 12:27:44,363 DEBUG    root            No implementation for release track [GA] for element: [/mnt/c/Users/namhyuck.kim/AppData/Local/Google/Cloud SDK/google-cloud-sdk/lib/surface/microservices]
2024-02-09 12:27:44,372 DEBUG    root            Loaded Command Group: ['gcloud', 'feedback']
2024-02-09 12:27:44,377 DEBUG    root            Loaded Command Group: ['gcloud', 'datastore']
2024-02-09 12:27:44,386 DEBUG    root            No implementation for release track [GA] for element: [/mnt/c/Users/namhyuck.kim/AppData/Local/Google/Cloud SDK/google-cloud-sdk/lib/surface/dialogflow]
2024-02-09 12:27:44,403 DEBUG    root            Loaded Command Group: ['gcloud', 'functions']
2024-02-09 12:27:44,416 DEBUG    root            Loaded Command Group: ['gcloud', 'ids']
2024-02-09 12:27:44,423 DEBUG    root            No implementation for release track [GA] for element: [/mnt/c/Users/namhyuck.kim/AppData/Local/Google/Cloud SDK/google-cloud-sdk/lib/surface/lifesciences]
2024-02-09 12:27:44,426 DEBUG    root            Loaded Command Group: ['gcloud', 'redis']
2024-02-09 12:27:44,435 DEBUG    root            Loaded Command Group: ['gcloud', 'meta']
2024-02-09 12:27:44,448 DEBUG    root            Loaded Command Group: ['gcloud', 'policy_intelligence']
2024-02-09 12:27:44,456 DEBUG    root            Loaded Command Group: ['gcloud', 'privateca']
2024-02-09 12:27:44,467 DEBUG    root            No implementation for release track [GA] for element: [/mnt/c/Users/namhyuck.kim/AppData/Local/Google/Cloud SDK/google-cloud-sdk/lib/surface/netapp]
2024-02-09 12:27:44,470 DEBUG    root            Loaded Command Group: ['gcloud', 'asset']
2024-02-09 12:27:44,481 DEBUG    root            Loaded Command Group: ['gcloud', 'iam']
2024-02-09 12:27:44,493 DEBUG    root            Loaded Command Group: ['gcloud', 'ml']
2024-02-09 12:27:44,504 DEBUG    root            Loaded Command Group: ['gcloud', 'config']
2024-02-09 12:27:44,514 DEBUG    root            Loaded Command Group: ['gcloud', 'org_policies']
2024-02-09 12:27:44,525 DEBUG    root            Loaded Command Group: ['gcloud', 'access_context_manager']
2024-02-09 12:27:44,535 DEBUG    root            Loaded Command Group: ['gcloud', 'logging']
2024-02-09 12:27:44,552 DEBUG    root            Loaded Command Group: ['gcloud', 'batch']
2024-02-09 12:27:44,559 DEBUG    root            Loaded Command Group: ['gcloud', 'network_security']
2024-02-09 12:27:44,572 DEBUG    root            Loaded Command Group: ['gcloud', 'alloydb']
2024-02-09 12:27:44,582 DEBUG    root            Loaded Command Group: ['gcloud', 'organizations']
2024-02-09 12:27:44,590 DEBUG    root            Loaded Command Group: ['gcloud', 'transfer']
2024-02-09 12:27:44,599 DEBUG    root            Loaded Command Group: ['gcloud', 'recommender']
2024-02-09 12:27:44,609 DEBUG    root            Loaded Command Group: ['gcloud', 'dataplex']
2024-02-09 12:27:44,624 DEBUG    root            No implementation for release track [GA] for element: [/mnt/c/Users/namhyuck.kim/AppData/Local/Google/Cloud SDK/google-cloud-sdk/lib/surface/blueprints]
2024-02-09 12:27:44,626 DEBUG    root            Loaded Command Group: ['gcloud', 'policy_troubleshoot']
2024-02-09 12:27:44,633 DEBUG    root            Loaded Command Group: ['gcloud', 'components']
2024-02-09 12:27:44,640 DEBUG    root            Chosen display Format:table[no-heading,margin=6,width=80]([0]:label='':align=left:width=22,[1]:label='':align=left:wrap)
2024-02-09 12:27:44,641 DEBUG    root            Chosen display Format:table[no-heading,margin=6,width=80]([0]:label='':align=left:width=22,[1]:label='':align=left:wrap)
2024-02-09 12:27:44,642 DEBUG    root            Chosen display Format:table[no-heading,margin=6,width=80]([0]:label='':align=left:width=22,[1]:label='':align=left:wrap)
2024-02-09 12:27:44,642 DEBUG    root            Chosen display Format:table[no-heading,margin=6,width=80]([0]:label='':align=left:width=22,[1]:label='':align=left:wrap)
2024-02-09 12:27:44,643 DEBUG    root            Chosen display Format:table[no-heading,margin=6,width=80]([0]:label='':align=left:width=22,[1]:label='':align=left:wrap)
2024-02-09 12:27:44,643 DEBUG    root            Chosen display Format:table[no-heading,margin=6,width=80]([0]:label='':align=left:width=22,[1]:label='':align=left:wrap)
2024-02-09 12:27:44,644 DEBUG    root            Chosen display Format:table[no-heading,margin=6,width=80]([0]:label='':align=left:width=22,[1]:label='':align=left:wrap)
2024-02-09 12:27:44,645 DEBUG    root            Chosen display Format:table[no-heading,margin=6,width=80]([0]:label='':align=left:width=22,[1]:label='':align=left:wrap)
2024-02-09 12:27:44,646 DEBUG    root            Chosen display Format:table[no-heading,margin=6,width=80]([0]:label='':align=left:width=22,[1]:label='':align=left:wrap)
2024-02-09 12:27:44,646 DEBUG    root            Chosen display Format:table[no-heading,margin=6,width=80]([0]:label='':align=left:width=22,[1]:label='':align=left:wrap)
2024-02-09 12:27:44,647 DEBUG    root            Chosen display Format:table[no-heading,margin=6,width=80]([0]:label='':align=left:width=22,[1]:label='':align=left:wrap)
2024-02-09 12:27:44,649 DEBUG    root            Chosen display Format:table[no-heading,margin=6,width=80]([0]:label='':align=left:width=22,[1]:label='':align=left:wrap)
2024-02-09 12:27:44,649 DEBUG    root            Chosen display Format:table[no-heading,margin=6,width=80]([0]:label='':align=left:width=22,[1]:label='':align=left:wrap)
2024-02-09 12:27:44,650 DEBUG    root            Chosen display Format:table[no-heading,margin=6,width=80]([0]:label='':align=left:width=22,[1]:label='':align=left:wrap)
2024-02-09 12:27:44,650 DEBUG    root            Chosen display Format:table[no-heading,margin=6,width=80]([0]:label='':align=left:width=22,[1]:label='':align=left:wrap)
2024-02-09 12:27:44,650 DEBUG    root            Chosen display Format:table[no-heading,margin=6,width=80]([0]:label='':align=left:width=22,[1]:label='':align=left:wrap)
2024-02-09 12:27:44,651 DEBUG    root            Chosen display Format:table[no-heading,margin=6,width=80]([0]:label='':align=left:width=22,[1]:label='':align=left:wrap)
2024-02-09 12:27:44,652 DEBUG    root            Chosen display Format:table[no-heading,margin=6,width=80]([0]:label='':align=left:width=22,[1]:label='':align=left:wrap)
2024-02-09 12:27:44,653 DEBUG    root            Chosen display Format:table[no-heading,margin=6,width=80]([0]:label='':align=left:width=22,[1]:label='':align=left:wrap)
2024-02-09 12:27:44,653 DEBUG    root            Chosen display Format:table[no-heading,margin=6,width=80]([0]:label='':align=left:width=22,[1]:label='':align=left:wrap)
2024-02-09 12:27:44,654 DEBUG    root            Chosen display Format:table[no-heading,margin=6,width=80]([0]:label='':align=left:width=22,[1]:label='':align=left:wrap)
2024-02-09 12:27:44,654 DEBUG    root            Chosen display Format:table[no-heading,margin=6,width=80]([0]:label='':align=left:width=22,[1]:label='':align=left:wrap)
2024-02-09 12:27:44,654 DEBUG    root            Chosen display Format:table[no-heading,margin=6,width=80]([0]:label='':align=left:width=22,[1]:label='':align=left:wrap)
2024-02-09 12:27:44,655 DEBUG    root            Chosen display Format:table[no-heading,margin=6,width=80]([0]:label='':align=left:width=22,[1]:label='':align=left:wrap)
2024-02-09 12:27:44,655 DEBUG    root            Chosen display Format:table[no-heading,margin=6,width=80]([0]:label='':align=left:width=22,[1]:label='':align=left:wrap)
2024-02-09 12:27:44,656 DEBUG    root            Chosen display Format:table[no-heading,margin=6,width=80]([0]:label='':align=left:width=22,[1]:label='':align=left:wrap)
2024-02-09 12:27:48,314 INFO     ___FILE_ONLY___ 

Command killed by keyboard interrupt


