2024-02-09 16:11:20,342 DEBUG    root            Running [gcloud] with arguments: [-v: "None"]
2024-02-09 16:11:20,359 DEBUG    root            Loaded Command Group: ['gcloud', 'version']
2024-02-09 16:11:20,361 DEBUG    root            Running [gcloud.version] with arguments: []
2024-02-09 16:11:20,435 DEBUG    root            Chosen display Format:flattened[no-pad,separator=" "]
2024-02-09 16:11:20,436 INFO     root            Display format: "flattened[no-pad,separator=" "]"
2024-02-09 16:11:20,436 INFO     ___FILE_ONLY___ Google Cloud SDK
2024-02-09 16:11:20,436 INFO     ___FILE_ONLY___  
2024-02-09 16:11:20,436 INFO     ___FILE_ONLY___ 421.0.0

2024-02-09 16:11:20,436 INFO     ___FILE_ONLY___ bq
2024-02-09 16:11:20,436 INFO     ___FILE_ONLY___  
2024-02-09 16:11:20,436 INFO     ___FILE_ONLY___ 2.0.87

2024-02-09 16:11:20,437 INFO     ___FILE_ONLY___ core
2024-02-09 16:11:20,437 INFO     ___FILE_ONLY___  
2024-02-09 16:11:20,437 INFO     ___FILE_ONLY___ 2023.03.03

2024-02-09 16:11:20,437 INFO     ___FILE_ONLY___ gcloud-crc32c
2024-02-09 16:11:20,437 INFO     ___FILE_ONLY___  
2024-02-09 16:11:20,437 INFO     ___FILE_ONLY___ 1.0.0

2024-02-09 16:11:20,437 INFO     ___FILE_ONLY___ gke-gcloud-auth-plugin
2024-02-09 16:11:20,437 INFO     ___FILE_ONLY___  
2024-02-09 16:11:20,437 INFO     ___FILE_ONLY___ 0.5.0

2024-02-09 16:11:20,437 INFO     ___FILE_ONLY___ gsutil
2024-02-09 16:11:20,437 INFO     ___FILE_ONLY___  
2024-02-09 16:11:20,437 INFO     ___FILE_ONLY___ 5.21

2024-02-09 16:11:20,442 INFO     ___FILE_ONLY___ Updates are available for some Google Cloud CLI components.  To install them,
please run:
  $ gcloud components update

