2024-02-09 16:11:39,154 DEBUG    root            Loaded Command Group: ['gcloud', 'components']
2024-02-09 16:11:39,183 DEBUG    root            Loaded Command Group: ['gcloud', 'components', 'update']
2024-02-09 16:11:39,186 DEBUG    root            Running [gcloud.components.update] with arguments: []
2024-02-09 16:11:44,979 INFO     ___FILE_ONLY___ Beginning update. This process may take several minutes.

2024-02-09 16:11:45,384 DEBUG    urllib3.connectionpool Starting new HTTPS connection (1): dl.google.com:443
2024-02-09 16:11:45,670 DEBUG    urllib3.connectionpool https://dl.google.com:443 "GET /dl/cloudsdk/channels/rapid/components-2.json HTTP/1.1" 200 214442
2024-02-09 16:11:45,902 INFO     ___FILE_ONLY___ 

2024-02-09 16:11:45,904 INFO     ___FILE_ONLY___ 
Your current Google Cloud CLI version is: 421.0.0

2024-02-09 16:11:45,904 INFO     ___FILE_ONLY___ You will be upgraded to version: 463.0.0

2024-02-09 16:11:45,905 INFO     ___FILE_ONLY___ 

2024-02-09 16:11:45,905 DEBUG    root            Chosen display Format:table[box,title="These components will be removed."](details.display_name:label=Name:align=left,version.version_string:label=Version:align=right,data.size.size(zero="",min=1048576):label=Size:align=right)
2024-02-09 16:11:45,906 DEBUG    root            Chosen display Format:table[box,title="These components will be updated."](details.display_name:label=Name:align=left,version.version_string:label=Version:align=right,data.size.size(zero="",min=1048576):label=Size:align=right)
2024-02-09 16:11:45,919 INFO     ___FILE_ONLY___ ┌─────────────────────────────────────────────────────────┐
2024-02-09 16:11:45,919 INFO     ___FILE_ONLY___ 

2024-02-09 16:11:45,919 INFO     ___FILE_ONLY___ │            These components will be updated.            │
2024-02-09 16:11:45,919 INFO     ___FILE_ONLY___ 

2024-02-09 16:11:45,920 INFO     ___FILE_ONLY___ ├─────────────────────────────────┬────────────┬──────────┤
2024-02-09 16:11:45,920 INFO     ___FILE_ONLY___ 

2024-02-09 16:11:45,920 INFO     ___FILE_ONLY___ │               Name              │  Version   │   Size   │
2024-02-09 16:11:45,920 INFO     ___FILE_ONLY___ 

2024-02-09 16:11:45,920 INFO     ___FILE_ONLY___ ├─────────────────────────────────┼────────────┼──────────┤
2024-02-09 16:11:45,920 INFO     ___FILE_ONLY___ 

2024-02-09 16:11:45,920 INFO     ___FILE_ONLY___ │ 
2024-02-09 16:11:45,920 INFO     ___FILE_ONLY___ BigQuery Command Line Tool     
2024-02-09 16:11:45,920 INFO     ___FILE_ONLY___  
2024-02-09 16:11:45,920 INFO     ___FILE_ONLY___ │ 
2024-02-09 16:11:45,920 INFO     ___FILE_ONLY___    2.0.101
2024-02-09 16:11:45,921 INFO     ___FILE_ONLY___  
2024-02-09 16:11:45,921 INFO     ___FILE_ONLY___ │ 
2024-02-09 16:11:45,921 INFO     ___FILE_ONLY___  1.6 MiB
2024-02-09 16:11:45,921 INFO     ___FILE_ONLY___  
2024-02-09 16:11:45,921 INFO     ___FILE_ONLY___ │
2024-02-09 16:11:45,921 INFO     ___FILE_ONLY___ 

2024-02-09 16:11:45,921 INFO     ___FILE_ONLY___ │ 
2024-02-09 16:11:45,922 INFO     ___FILE_ONLY___ Cloud Storage Command Line Tool
2024-02-09 16:11:45,922 INFO     ___FILE_ONLY___  
2024-02-09 16:11:45,922 INFO     ___FILE_ONLY___ │ 
2024-02-09 16:11:45,922 INFO     ___FILE_ONLY___       5.27
2024-02-09 16:11:45,922 INFO     ___FILE_ONLY___  
2024-02-09 16:11:45,922 INFO     ___FILE_ONLY___ │ 
2024-02-09 16:11:45,922 INFO     ___FILE_ONLY___ 11.3 MiB
2024-02-09 16:11:45,922 INFO     ___FILE_ONLY___  
2024-02-09 16:11:45,922 INFO     ___FILE_ONLY___ │
2024-02-09 16:11:45,922 INFO     ___FILE_ONLY___ 

2024-02-09 16:11:45,922 INFO     ___FILE_ONLY___ │ 
2024-02-09 16:11:45,923 INFO     ___FILE_ONLY___ Google Cloud CLI Core Libraries
2024-02-09 16:11:45,923 INFO     ___FILE_ONLY___  
2024-02-09 16:11:45,923 INFO     ___FILE_ONLY___ │ 
2024-02-09 16:11:45,923 INFO     ___FILE_ONLY___ 2024.02.02
2024-02-09 16:11:45,923 INFO     ___FILE_ONLY___  
2024-02-09 16:11:45,923 INFO     ___FILE_ONLY___ │ 
2024-02-09 16:11:45,923 INFO     ___FILE_ONLY___ 22.5 MiB
2024-02-09 16:11:45,923 INFO     ___FILE_ONLY___  
2024-02-09 16:11:45,923 INFO     ___FILE_ONLY___ │
2024-02-09 16:11:45,923 INFO     ___FILE_ONLY___ 

2024-02-09 16:11:45,923 INFO     ___FILE_ONLY___ │ 
2024-02-09 16:11:45,923 INFO     ___FILE_ONLY___ gcloud cli dependencies        
2024-02-09 16:11:45,924 INFO     ___FILE_ONLY___  
2024-02-09 16:11:45,924 INFO     ___FILE_ONLY___ │ 
2024-02-09 16:11:45,924 INFO     ___FILE_ONLY___ 2024.01.29
2024-02-09 16:11:45,924 INFO     ___FILE_ONLY___  
2024-02-09 16:11:45,924 INFO     ___FILE_ONLY___ │ 
2024-02-09 16:11:45,924 INFO     ___FILE_ONLY___ 16.6 MiB
2024-02-09 16:11:45,924 INFO     ___FILE_ONLY___  
2024-02-09 16:11:45,924 INFO     ___FILE_ONLY___ │
2024-02-09 16:11:45,924 INFO     ___FILE_ONLY___ 

2024-02-09 16:11:45,924 INFO     ___FILE_ONLY___ └─────────────────────────────────┴────────────┴──────────┘
2024-02-09 16:11:45,924 INFO     ___FILE_ONLY___ 

2024-02-09 16:11:45,924 DEBUG    root            Chosen display Format:table[box,title="These components will be installed."](details.display_name:label=Name:align=left,version.version_string:label=Version:align=right,data.size.size(zero="",min=1048576):label=Size:align=right)
2024-02-09 16:11:45,927 INFO     ___FILE_ONLY___ ┌─────────────────────────────────────────────────────────────────────────────┐
2024-02-09 16:11:45,928 INFO     ___FILE_ONLY___ 

2024-02-09 16:11:45,928 INFO     ___FILE_ONLY___ │                     These components will be installed.                     │
2024-02-09 16:11:45,928 INFO     ___FILE_ONLY___ 

2024-02-09 16:11:45,928 INFO     ___FILE_ONLY___ ├─────────────────────────────────────────────────────┬────────────┬──────────┤
2024-02-09 16:11:45,928 INFO     ___FILE_ONLY___ 

2024-02-09 16:11:45,928 INFO     ___FILE_ONLY___ │                         Name                        │  Version   │   Size   │
2024-02-09 16:11:45,928 INFO     ___FILE_ONLY___ 

2024-02-09 16:11:45,928 INFO     ___FILE_ONLY___ ├─────────────────────────────────────────────────────┼────────────┼──────────┤
2024-02-09 16:11:45,928 INFO     ___FILE_ONLY___ 

2024-02-09 16:11:45,928 INFO     ___FILE_ONLY___ │ 
2024-02-09 16:11:45,928 INFO     ___FILE_ONLY___ BigQuery Command Line Tool (Platform Specific)     
2024-02-09 16:11:45,929 INFO     ___FILE_ONLY___  
2024-02-09 16:11:45,929 INFO     ___FILE_ONLY___ │ 
2024-02-09 16:11:45,929 INFO     ___FILE_ONLY___    2.0.101
2024-02-09 16:11:45,929 INFO     ___FILE_ONLY___  
2024-02-09 16:11:45,929 INFO     ___FILE_ONLY___ │ 
2024-02-09 16:11:45,929 INFO     ___FILE_ONLY___  < 1 MiB
2024-02-09 16:11:45,929 INFO     ___FILE_ONLY___  
2024-02-09 16:11:45,929 INFO     ___FILE_ONLY___ │
2024-02-09 16:11:45,929 INFO     ___FILE_ONLY___ 

2024-02-09 16:11:45,929 INFO     ___FILE_ONLY___ │ 
2024-02-09 16:11:45,929 INFO     ___FILE_ONLY___ Bundled Python 3.11                                
2024-02-09 16:11:45,929 INFO     ___FILE_ONLY___  
2024-02-09 16:11:45,929 INFO     ___FILE_ONLY___ │ 
2024-02-09 16:11:45,929 INFO     ___FILE_ONLY___     3.11.7
2024-02-09 16:11:45,930 INFO     ___FILE_ONLY___  
2024-02-09 16:11:45,930 INFO     ___FILE_ONLY___ │ 
2024-02-09 16:11:45,930 INFO     ___FILE_ONLY___ 73.8 MiB
2024-02-09 16:11:45,930 INFO     ___FILE_ONLY___  
2024-02-09 16:11:45,930 INFO     ___FILE_ONLY___ │
2024-02-09 16:11:45,930 INFO     ___FILE_ONLY___ 

2024-02-09 16:11:45,930 INFO     ___FILE_ONLY___ │ 
2024-02-09 16:11:45,930 INFO     ___FILE_ONLY___ Cloud Storage Command Line Tool (Platform Specific)
2024-02-09 16:11:45,930 INFO     ___FILE_ONLY___  
2024-02-09 16:11:45,930 INFO     ___FILE_ONLY___ │ 
2024-02-09 16:11:45,930 INFO     ___FILE_ONLY___       5.27
2024-02-09 16:11:45,930 INFO     ___FILE_ONLY___  
2024-02-09 16:11:45,930 INFO     ___FILE_ONLY___ │ 
2024-02-09 16:11:45,931 INFO     ___FILE_ONLY___  < 1 MiB
2024-02-09 16:11:45,931 INFO     ___FILE_ONLY___  
2024-02-09 16:11:45,931 INFO     ___FILE_ONLY___ │
2024-02-09 16:11:45,931 INFO     ___FILE_ONLY___ 

2024-02-09 16:11:45,931 INFO     ___FILE_ONLY___ │ 
2024-02-09 16:11:45,931 INFO     ___FILE_ONLY___ Google Cloud CLI Core Libraries (Platform Specific)
2024-02-09 16:11:45,931 INFO     ___FILE_ONLY___  
2024-02-09 16:11:45,931 INFO     ___FILE_ONLY___ │ 
2024-02-09 16:11:45,931 INFO     ___FILE_ONLY___ 2024.01.06
2024-02-09 16:11:45,931 INFO     ___FILE_ONLY___  
2024-02-09 16:11:45,931 INFO     ___FILE_ONLY___ │ 
2024-02-09 16:11:45,931 INFO     ___FILE_ONLY___  < 1 MiB
2024-02-09 16:11:45,931 INFO     ___FILE_ONLY___  
2024-02-09 16:11:45,931 INFO     ___FILE_ONLY___ │
2024-02-09 16:11:45,932 INFO     ___FILE_ONLY___ 

2024-02-09 16:11:45,932 INFO     ___FILE_ONLY___ │ 
2024-02-09 16:11:45,932 INFO     ___FILE_ONLY___ Google Cloud CRC32C Hash Tool                      
2024-02-09 16:11:45,932 INFO     ___FILE_ONLY___  
2024-02-09 16:11:45,932 INFO     ___FILE_ONLY___ │ 
2024-02-09 16:11:45,932 INFO     ___FILE_ONLY___      1.0.0
2024-02-09 16:11:45,932 INFO     ___FILE_ONLY___  
2024-02-09 16:11:45,932 INFO     ___FILE_ONLY___ │ 
2024-02-09 16:11:45,932 INFO     ___FILE_ONLY___  1.2 MiB
2024-02-09 16:11:45,932 INFO     ___FILE_ONLY___  
2024-02-09 16:11:45,932 INFO     ___FILE_ONLY___ │
2024-02-09 16:11:45,932 INFO     ___FILE_ONLY___ 

2024-02-09 16:11:45,932 INFO     ___FILE_ONLY___ │ 
2024-02-09 16:11:45,932 INFO     ___FILE_ONLY___ anthoscli                                          
2024-02-09 16:11:45,932 INFO     ___FILE_ONLY___  
2024-02-09 16:11:45,933 INFO     ___FILE_ONLY___ │ 
2024-02-09 16:11:45,933 INFO     ___FILE_ONLY___     0.2.47
2024-02-09 16:11:45,933 INFO     ___FILE_ONLY___  
2024-02-09 16:11:45,933 INFO     ___FILE_ONLY___ │ 
2024-02-09 16:11:45,933 INFO     ___FILE_ONLY___ 68.9 MiB
2024-02-09 16:11:45,933 INFO     ___FILE_ONLY___  
2024-02-09 16:11:45,933 INFO     ___FILE_ONLY___ │
2024-02-09 16:11:45,933 INFO     ___FILE_ONLY___ 

2024-02-09 16:11:45,934 INFO     ___FILE_ONLY___ │ 
2024-02-09 16:11:45,934 INFO     ___FILE_ONLY___ gcloud cli dependencies                            
2024-02-09 16:11:45,934 INFO     ___FILE_ONLY___  
2024-02-09 16:11:45,934 INFO     ___FILE_ONLY___ │ 
2024-02-09 16:11:45,934 INFO     ___FILE_ONLY___ 2021.04.16
2024-02-09 16:11:45,935 INFO     ___FILE_ONLY___  
2024-02-09 16:11:45,935 INFO     ___FILE_ONLY___ │ 
2024-02-09 16:11:45,935 INFO     ___FILE_ONLY___  < 1 MiB
2024-02-09 16:11:45,935 INFO     ___FILE_ONLY___  
2024-02-09 16:11:45,935 INFO     ___FILE_ONLY___ │
2024-02-09 16:11:45,935 INFO     ___FILE_ONLY___ 

2024-02-09 16:11:45,935 INFO     ___FILE_ONLY___ │ 
2024-02-09 16:11:45,935 INFO     ___FILE_ONLY___ gke-gcloud-auth-plugin                             
2024-02-09 16:11:45,936 INFO     ___FILE_ONLY___  
2024-02-09 16:11:45,936 INFO     ___FILE_ONLY___ │ 
2024-02-09 16:11:45,936 INFO     ___FILE_ONLY___      0.5.8
2024-02-09 16:11:45,936 INFO     ___FILE_ONLY___  
2024-02-09 16:11:45,936 INFO     ___FILE_ONLY___ │ 
2024-02-09 16:11:45,936 INFO     ___FILE_ONLY___  7.9 MiB
2024-02-09 16:11:45,937 INFO     ___FILE_ONLY___  
2024-02-09 16:11:45,937 INFO     ___FILE_ONLY___ │
2024-02-09 16:11:45,937 INFO     ___FILE_ONLY___ 

2024-02-09 16:11:45,937 INFO     ___FILE_ONLY___ └─────────────────────────────────────────────────────┴────────────┴──────────┘
2024-02-09 16:11:45,938 INFO     ___FILE_ONLY___ 

2024-02-09 16:11:45,938 INFO     ___FILE_ONLY___ 

2024-02-09 16:11:45,941 DEBUG    urllib3.connectionpool Starting new HTTPS connection (1): dl.google.com:443
2024-02-09 16:11:46,157 DEBUG    urllib3.connectionpool https://dl.google.com:443 "GET /dl/cloudsdk/channels/rapid/RELEASE_NOTES HTTP/1.1" 200 1149781
2024-02-09 16:11:46,457 INFO     ___FILE_ONLY___ A lot has changed since your last upgrade.  For the latest full release notes,
please visit:
  https://cloud.google.com/sdk/release_notes


2024-02-09 16:11:49,457 INFO     ___FILE_ONLY___ ╔════════════════════════════════════════════════════════════╗

2024-02-09 16:11:49,457 INFO     ___FILE_ONLY___ ╠═ Creating update staging area                             ═╣

2024-02-09 16:11:49,457 INFO     ___FILE_ONLY___ ╚
2024-02-09 16:11:49,458 INFO     ___FILE_ONLY___ ══════
2024-02-09 16:12:11,988 INFO     ___FILE_ONLY___ ══════
2024-02-09 16:12:11,989 INFO     ___FILE_ONLY___ ══════
2024-02-09 16:12:18,310 INFO     ___FILE_ONLY___ ═
2024-02-09 16:12:23,325 INFO     ___FILE_ONLY___ ═
2024-02-09 16:12:26,341 INFO     ___FILE_ONLY___ ═
2024-02-09 16:12:31,220 INFO     ___FILE_ONLY___ ═
2024-02-09 16:12:36,063 INFO     ___FILE_ONLY___ ═
2024-02-09 16:12:38,759 INFO     ___FILE_ONLY___ ═
2024-02-09 16:12:42,136 INFO     ___FILE_ONLY___ ═
2024-02-09 16:12:45,626 INFO     ___FILE_ONLY___ ═
2024-02-09 16:12:47,973 INFO     ___FILE_ONLY___ ═
2024-02-09 16:12:51,136 INFO     ___FILE_ONLY___ ═
2024-02-09 16:12:55,299 INFO     ___FILE_ONLY___ ═
2024-02-09 16:13:00,985 INFO     ___FILE_ONLY___ ═
2024-02-09 16:13:08,300 INFO     ___FILE_ONLY___ ═
2024-02-09 16:13:12,180 INFO     ___FILE_ONLY___ ═
2024-02-09 16:13:16,978 INFO     ___FILE_ONLY___ ═
2024-02-09 16:13:21,569 INFO     ___FILE_ONLY___ ═
2024-02-09 16:13:26,562 INFO     ___FILE_ONLY___ ═
2024-02-09 16:13:30,568 INFO     ___FILE_ONLY___ ═
2024-02-09 16:13:34,680 INFO     ___FILE_ONLY___ ═
2024-02-09 16:13:38,446 INFO     ___FILE_ONLY___ ═
2024-02-09 16:13:41,965 INFO     ___FILE_ONLY___ ═
2024-02-09 16:13:51,145 INFO     ___FILE_ONLY___ ═
2024-02-09 16:13:55,105 INFO     ___FILE_ONLY___ ═
2024-02-09 16:13:59,532 INFO     ___FILE_ONLY___ ═
2024-02-09 16:14:03,159 INFO     ___FILE_ONLY___ ═
2024-02-09 16:14:06,570 INFO     ___FILE_ONLY___ ═
2024-02-09 16:14:11,070 INFO     ___FILE_ONLY___ ═
2024-02-09 16:14:17,585 INFO     ___FILE_ONLY___ ═
2024-02-09 16:14:23,625 INFO     ___FILE_ONLY___ ═
2024-02-09 16:14:28,877 INFO     ___FILE_ONLY___ ═
2024-02-09 16:14:35,472 INFO     ___FILE_ONLY___ ═
2024-02-09 16:14:40,568 INFO     ___FILE_ONLY___ ═
2024-02-09 16:14:44,488 INFO     ___FILE_ONLY___ ═
2024-02-09 16:14:48,283 INFO     ___FILE_ONLY___ ═
2024-02-09 16:14:52,018 INFO     ___FILE_ONLY___ ═
2024-02-09 16:14:55,977 INFO     ___FILE_ONLY___ ═
2024-02-09 16:15:00,611 INFO     ___FILE_ONLY___ ═
2024-02-09 16:15:04,292 INFO     ___FILE_ONLY___ ═
2024-02-09 16:15:07,817 INFO     ___FILE_ONLY___ ═
2024-02-09 16:15:13,064 INFO     ___FILE_ONLY___ ═
2024-02-09 16:15:19,249 INFO     ___FILE_ONLY___ ═
2024-02-09 16:15:25,494 INFO     ___FILE_ONLY___ ═
2024-02-09 16:15:25,495 INFO     ___FILE_ONLY___ ╝
2024-02-09 16:20:02,168 INFO     ___FILE_ONLY___ ╠════════════════════════════════════════════════════════════╣

2024-02-09 16:20:02,169 INFO     ___FILE_ONLY___ ╠═ Uninstalling: BigQuery Command Line Tool                 ═╣

2024-02-09 16:20:02,169 INFO     ___FILE_ONLY___ ╚
2024-02-09 16:20:02,183 INFO     ___FILE_ONLY___ ═
2024-02-09 16:20:02,190 INFO     ___FILE_ONLY___ ═
2024-02-09 16:20:02,196 INFO     ___FILE_ONLY___ ═
2024-02-09 16:20:02,204 INFO     ___FILE_ONLY___ ═
2024-02-09 16:20:02,211 INFO     ___FILE_ONLY___ ═
2024-02-09 16:20:02,218 INFO     ___FILE_ONLY___ ═
2024-02-09 16:20:02,226 INFO     ___FILE_ONLY___ ═
2024-02-09 16:20:02,235 INFO     ___FILE_ONLY___ ═
2024-02-09 16:20:02,242 INFO     ___FILE_ONLY___ ═
2024-02-09 16:20:02,250 INFO     ___FILE_ONLY___ ═
2024-02-09 16:20:02,258 INFO     ___FILE_ONLY___ ═
2024-02-09 16:20:02,265 INFO     ___FILE_ONLY___ ═
2024-02-09 16:20:02,273 INFO     ___FILE_ONLY___ ═
2024-02-09 16:20:02,279 INFO     ___FILE_ONLY___ ═
2024-02-09 16:20:02,285 INFO     ___FILE_ONLY___ ═
2024-02-09 16:20:02,293 INFO     ___FILE_ONLY___ ═
2024-02-09 16:20:02,302 INFO     ___FILE_ONLY___ ═
2024-02-09 16:20:02,309 INFO     ___FILE_ONLY___ ═
2024-02-09 16:20:02,318 INFO     ___FILE_ONLY___ ═
2024-02-09 16:20:02,326 INFO     ___FILE_ONLY___ ═
2024-02-09 16:20:02,335 INFO     ___FILE_ONLY___ ═
2024-02-09 16:20:02,343 INFO     ___FILE_ONLY___ ═
2024-02-09 16:20:02,350 INFO     ___FILE_ONLY___ ═
2024-02-09 16:20:02,357 INFO     ___FILE_ONLY___ ═
2024-02-09 16:20:02,365 INFO     ___FILE_ONLY___ ═
2024-02-09 16:20:02,371 INFO     ___FILE_ONLY___ ═
2024-02-09 16:20:02,379 INFO     ___FILE_ONLY___ ═
2024-02-09 16:20:02,387 INFO     ___FILE_ONLY___ ═
2024-02-09 16:20:02,394 INFO     ___FILE_ONLY___ ═
2024-02-09 16:20:02,401 INFO     ___FILE_ONLY___ ═
2024-02-09 16:20:02,409 INFO     ___FILE_ONLY___ ═
2024-02-09 16:20:02,415 INFO     ___FILE_ONLY___ ═
2024-02-09 16:20:02,424 INFO     ___FILE_ONLY___ ═
2024-02-09 16:20:02,433 INFO     ___FILE_ONLY___ ═
2024-02-09 16:20:02,440 INFO     ___FILE_ONLY___ ═
2024-02-09 16:20:02,448 INFO     ___FILE_ONLY___ ═
2024-02-09 16:20:02,456 INFO     ___FILE_ONLY___ ═
2024-02-09 16:20:02,462 INFO     ___FILE_ONLY___ ═
2024-02-09 16:20:02,470 INFO     ___FILE_ONLY___ ═
2024-02-09 16:20:02,478 INFO     ___FILE_ONLY___ ═
2024-02-09 16:20:02,501 INFO     ___FILE_ONLY___ ═
2024-02-09 16:20:02,509 INFO     ___FILE_ONLY___ ═
2024-02-09 16:20:02,516 INFO     ___FILE_ONLY___ ═
2024-02-09 16:20:02,523 INFO     ___FILE_ONLY___ ═
2024-02-09 16:20:02,531 INFO     ___FILE_ONLY___ ═
2024-02-09 16:20:02,538 INFO     ___FILE_ONLY___ ═
2024-02-09 16:20:02,546 INFO     ___FILE_ONLY___ ═
2024-02-09 16:20:02,554 INFO     ___FILE_ONLY___ ═
2024-02-09 16:20:02,560 INFO     ___FILE_ONLY___ ═
2024-02-09 16:20:02,568 INFO     ___FILE_ONLY___ ═
2024-02-09 16:20:02,577 INFO     ___FILE_ONLY___ ═
2024-02-09 16:20:02,584 INFO     ___FILE_ONLY___ ═
2024-02-09 16:20:02,593 INFO     ___FILE_ONLY___ ═
2024-02-09 16:20:02,601 INFO     ___FILE_ONLY___ ═
2024-02-09 16:20:02,608 INFO     ___FILE_ONLY___ ═
2024-02-09 16:20:02,616 INFO     ___FILE_ONLY___ ═
2024-02-09 16:20:02,624 INFO     ___FILE_ONLY___ ═
2024-02-09 16:20:02,632 INFO     ___FILE_ONLY___ ═
2024-02-09 16:20:02,640 INFO     ___FILE_ONLY___ ═
2024-02-09 16:20:02,647 INFO     ___FILE_ONLY___ ═
2024-02-09 16:20:02,647 INFO     ___FILE_ONLY___ ╝
2024-02-09 16:20:02,972 INFO     ___FILE_ONLY___ ╠════════════════════════════════════════════════════════════╣

2024-02-09 16:20:02,972 INFO     ___FILE_ONLY___ ╠═ Uninstalling: Cloud Storage Command Line Tool            ═╣

2024-02-09 16:20:02,973 INFO     ___FILE_ONLY___ ╚
2024-02-09 16:20:03,076 INFO     ___FILE_ONLY___ ═
2024-02-09 16:20:03,159 INFO     ___FILE_ONLY___ ═
2024-02-09 16:20:03,245 INFO     ___FILE_ONLY___ ═
2024-02-09 16:20:03,357 INFO     ___FILE_ONLY___ ═
2024-02-09 16:20:03,471 INFO     ___FILE_ONLY___ ═
2024-02-09 16:20:03,597 INFO     ___FILE_ONLY___ ═
2024-02-09 16:20:03,717 INFO     ___FILE_ONLY___ ═
2024-02-09 16:20:03,841 INFO     ___FILE_ONLY___ ═
2024-02-09 16:20:03,992 INFO     ___FILE_ONLY___ ═
2024-02-09 16:20:04,109 INFO     ___FILE_ONLY___ ═
2024-02-09 16:20:04,227 INFO     ___FILE_ONLY___ ═
2024-02-09 16:20:04,322 INFO     ___FILE_ONLY___ ═
2024-02-09 16:20:04,420 INFO     ___FILE_ONLY___ ═
2024-02-09 16:20:04,513 INFO     ___FILE_ONLY___ ═
2024-02-09 16:20:04,598 INFO     ___FILE_ONLY___ ═
2024-02-09 16:20:04,676 INFO     ___FILE_ONLY___ ═
2024-02-09 16:20:04,750 INFO     ___FILE_ONLY___ ═
2024-02-09 16:20:04,825 INFO     ___FILE_ONLY___ ═
2024-02-09 16:20:04,904 INFO     ___FILE_ONLY___ ═
2024-02-09 16:20:04,993 INFO     ___FILE_ONLY___ ═
2024-02-09 16:20:05,077 INFO     ___FILE_ONLY___ ═
2024-02-09 16:20:05,157 INFO     ___FILE_ONLY___ ═
2024-02-09 16:20:05,237 INFO     ___FILE_ONLY___ ═
2024-02-09 16:20:05,347 INFO     ___FILE_ONLY___ ═
2024-02-09 16:20:05,440 INFO     ___FILE_ONLY___ ═
2024-02-09 16:20:05,535 INFO     ___FILE_ONLY___ ═
2024-02-09 16:20:05,623 INFO     ___FILE_ONLY___ ═
2024-02-09 16:20:05,715 INFO     ___FILE_ONLY___ ═
2024-02-09 16:20:05,813 INFO     ___FILE_ONLY___ ═
2024-02-09 16:20:05,912 INFO     ___FILE_ONLY___ ═
2024-02-09 16:20:06,008 INFO     ___FILE_ONLY___ ═
2024-02-09 16:20:06,100 INFO     ___FILE_ONLY___ ═
2024-02-09 16:20:06,186 INFO     ___FILE_ONLY___ ═
2024-02-09 16:20:06,264 INFO     ___FILE_ONLY___ ═
2024-02-09 16:20:06,366 INFO     ___FILE_ONLY___ ═
2024-02-09 16:20:06,450 INFO     ___FILE_ONLY___ ═
2024-02-09 16:20:06,535 INFO     ___FILE_ONLY___ ═
2024-02-09 16:20:06,628 INFO     ___FILE_ONLY___ ═
2024-02-09 16:20:06,739 INFO     ___FILE_ONLY___ ═
2024-02-09 16:20:06,872 INFO     ___FILE_ONLY___ ═
2024-02-09 16:20:07,002 INFO     ___FILE_ONLY___ ═
2024-02-09 16:20:07,127 INFO     ___FILE_ONLY___ ═
2024-02-09 16:20:07,224 INFO     ___FILE_ONLY___ ═
2024-02-09 16:20:07,306 INFO     ___FILE_ONLY___ ═
2024-02-09 16:20:07,427 INFO     ___FILE_ONLY___ ═
2024-02-09 16:20:07,539 INFO     ___FILE_ONLY___ ═
2024-02-09 16:20:07,641 INFO     ___FILE_ONLY___ ═
2024-02-09 16:20:07,757 INFO     ___FILE_ONLY___ ═
2024-02-09 16:20:07,851 INFO     ___FILE_ONLY___ ═
2024-02-09 16:20:07,960 INFO     ___FILE_ONLY___ ═
2024-02-09 16:20:08,062 INFO     ___FILE_ONLY___ ═
2024-02-09 16:20:08,196 INFO     ___FILE_ONLY___ ═
2024-02-09 16:20:08,283 INFO     ___FILE_ONLY___ ═
2024-02-09 16:20:08,370 INFO     ___FILE_ONLY___ ═
2024-02-09 16:20:08,460 INFO     ___FILE_ONLY___ ═
2024-02-09 16:20:08,546 INFO     ___FILE_ONLY___ ═
2024-02-09 16:20:08,643 INFO     ___FILE_ONLY___ ═
2024-02-09 16:20:08,736 INFO     ___FILE_ONLY___ ═
2024-02-09 16:20:08,833 INFO     ___FILE_ONLY___ ═
2024-02-09 16:20:08,911 INFO     ___FILE_ONLY___ ═
2024-02-09 16:20:08,912 INFO     ___FILE_ONLY___ ╝
2024-02-09 16:20:13,243 INFO     ___FILE_ONLY___ ╠════════════════════════════════════════════════════════════╣

2024-02-09 16:20:13,244 INFO     ___FILE_ONLY___ ╠═ Uninstalling: Google Cloud CLI Core Libraries            ═╣

2024-02-09 16:20:13,244 INFO     ___FILE_ONLY___ ╚
2024-02-09 16:20:13,426 INFO     ___FILE_ONLY___ ═
2024-02-09 16:20:13,592 INFO     ___FILE_ONLY___ ═
2024-02-09 16:20:13,774 INFO     ___FILE_ONLY___ ═
2024-02-09 16:20:13,957 INFO     ___FILE_ONLY___ ═
2024-02-09 16:20:14,178 INFO     ___FILE_ONLY___ ═
2024-02-09 16:20:14,391 INFO     ___FILE_ONLY___ ═
2024-02-09 16:20:14,599 INFO     ___FILE_ONLY___ ═
2024-02-09 16:20:14,818 INFO     ___FILE_ONLY___ ═
2024-02-09 16:20:15,019 INFO     ___FILE_ONLY___ ═
2024-02-09 16:20:15,241 INFO     ___FILE_ONLY___ ═
2024-02-09 16:20:15,456 INFO     ___FILE_ONLY___ ═
2024-02-09 16:20:15,637 INFO     ___FILE_ONLY___ ═
2024-02-09 16:20:15,810 INFO     ___FILE_ONLY___ ═
2024-02-09 16:20:15,995 INFO     ___FILE_ONLY___ ═
2024-02-09 16:20:16,173 INFO     ___FILE_ONLY___ ═
2024-02-09 16:20:16,379 INFO     ___FILE_ONLY___ ═
2024-02-09 16:20:16,618 INFO     ___FILE_ONLY___ ═
2024-02-09 16:20:16,835 INFO     ___FILE_ONLY___ ═
2024-02-09 16:20:17,036 INFO     ___FILE_ONLY___ ═
2024-02-09 16:20:17,246 INFO     ___FILE_ONLY___ ═
2024-02-09 16:20:17,436 INFO     ___FILE_ONLY___ ═
2024-02-09 16:20:17,643 INFO     ___FILE_ONLY___ ═
2024-02-09 16:20:17,829 INFO     ___FILE_ONLY___ ═
2024-02-09 16:20:18,015 INFO     ___FILE_ONLY___ ═
2024-02-09 16:20:18,293 INFO     ___FILE_ONLY___ ═
2024-02-09 16:20:18,444 INFO     ___FILE_ONLY___ ═
2024-02-09 16:20:18,606 INFO     ___FILE_ONLY___ ═
2024-02-09 16:20:18,761 INFO     ___FILE_ONLY___ ═
2024-02-09 16:20:18,938 INFO     ___FILE_ONLY___ ═
2024-02-09 16:20:19,105 INFO     ___FILE_ONLY___ ═
2024-02-09 16:20:19,288 INFO     ___FILE_ONLY___ ═
2024-02-09 16:20:19,481 INFO     ___FILE_ONLY___ ═
2024-02-09 16:20:19,642 INFO     ___FILE_ONLY___ ═
2024-02-09 16:20:19,809 INFO     ___FILE_ONLY___ ═
2024-02-09 16:20:19,983 INFO     ___FILE_ONLY___ ═
2024-02-09 16:20:20,160 INFO     ___FILE_ONLY___ ═
2024-02-09 16:20:20,364 INFO     ___FILE_ONLY___ ═
2024-02-09 16:20:20,558 INFO     ___FILE_ONLY___ ═
2024-02-09 16:20:20,775 INFO     ___FILE_ONLY___ ═
2024-02-09 16:20:20,974 INFO     ___FILE_ONLY___ ═
2024-02-09 16:20:21,159 INFO     ___FILE_ONLY___ ═
2024-02-09 16:20:21,344 INFO     ___FILE_ONLY___ ═
2024-02-09 16:20:21,511 INFO     ___FILE_ONLY___ ═
2024-02-09 16:20:21,681 INFO     ___FILE_ONLY___ ═
2024-02-09 16:20:21,845 INFO     ___FILE_ONLY___ ═
2024-02-09 16:20:22,023 INFO     ___FILE_ONLY___ ═
2024-02-09 16:20:22,204 INFO     ___FILE_ONLY___ ═
2024-02-09 16:20:22,380 INFO     ___FILE_ONLY___ ═
2024-02-09 16:20:22,555 INFO     ___FILE_ONLY___ ═
2024-02-09 16:20:22,726 INFO     ___FILE_ONLY___ ═
2024-02-09 16:20:22,881 INFO     ___FILE_ONLY___ ═
2024-02-09 16:20:23,052 INFO     ___FILE_ONLY___ ═
2024-02-09 16:20:23,199 INFO     ___FILE_ONLY___ ═
2024-02-09 16:20:23,386 INFO     ___FILE_ONLY___ ═
2024-02-09 16:20:23,549 INFO     ___FILE_ONLY___ ═
2024-02-09 16:20:23,718 INFO     ___FILE_ONLY___ ═
2024-02-09 16:20:23,888 INFO     ___FILE_ONLY___ ═
2024-02-09 16:20:24,058 INFO     ___FILE_ONLY___ ═
2024-02-09 16:20:24,234 INFO     ___FILE_ONLY___ ═
2024-02-09 16:20:24,407 INFO     ___FILE_ONLY___ ═
2024-02-09 16:20:24,407 INFO     ___FILE_ONLY___ ╝
2024-02-09 16:20:36,665 INFO     ___FILE_ONLY___ ╠════════════════════════════════════════════════════════════╣

2024-02-09 16:20:36,665 INFO     ___FILE_ONLY___ ╠═ Uninstalling: gcloud cli dependencies                    ═╣

2024-02-09 16:20:36,665 INFO     ___FILE_ONLY___ ╚
2024-02-09 16:20:36,795 INFO     ___FILE_ONLY___ ═
2024-02-09 16:20:36,898 INFO     ___FILE_ONLY___ ═
2024-02-09 16:20:36,980 INFO     ___FILE_ONLY___ ═
2024-02-09 16:20:37,066 INFO     ___FILE_ONLY___ ═
2024-02-09 16:20:37,145 INFO     ___FILE_ONLY___ ═
2024-02-09 16:20:37,236 INFO     ___FILE_ONLY___ ═
2024-02-09 16:20:37,327 INFO     ___FILE_ONLY___ ═
2024-02-09 16:20:37,413 INFO     ___FILE_ONLY___ ═
2024-02-09 16:20:37,497 INFO     ___FILE_ONLY___ ═
2024-02-09 16:20:37,586 INFO     ___FILE_ONLY___ ═
2024-02-09 16:20:37,678 INFO     ___FILE_ONLY___ ═
2024-02-09 16:20:37,781 INFO     ___FILE_ONLY___ ═
2024-02-09 16:20:37,897 INFO     ___FILE_ONLY___ ═
2024-02-09 16:20:37,989 INFO     ___FILE_ONLY___ ═
2024-02-09 16:20:38,108 INFO     ___FILE_ONLY___ ═
2024-02-09 16:20:38,210 INFO     ___FILE_ONLY___ ═
2024-02-09 16:20:38,291 INFO     ___FILE_ONLY___ ═
2024-02-09 16:20:38,377 INFO     ___FILE_ONLY___ ═
2024-02-09 16:20:38,456 INFO     ___FILE_ONLY___ ═
2024-02-09 16:20:38,520 INFO     ___FILE_ONLY___ ═
2024-02-09 16:20:38,591 INFO     ___FILE_ONLY___ ═
2024-02-09 16:20:38,670 INFO     ___FILE_ONLY___ ═
2024-02-09 16:20:38,774 INFO     ___FILE_ONLY___ ═
2024-02-09 16:20:38,893 INFO     ___FILE_ONLY___ ═
2024-02-09 16:20:39,005 INFO     ___FILE_ONLY___ ═
2024-02-09 16:20:39,095 INFO     ___FILE_ONLY___ ═
2024-02-09 16:20:39,181 INFO     ___FILE_ONLY___ ═
2024-02-09 16:20:39,267 INFO     ___FILE_ONLY___ ═
2024-02-09 16:20:39,355 INFO     ___FILE_ONLY___ ═
2024-02-09 16:20:39,439 INFO     ___FILE_ONLY___ ═
2024-02-09 16:20:39,519 INFO     ___FILE_ONLY___ ═
2024-02-09 16:20:39,600 INFO     ___FILE_ONLY___ ═
2024-02-09 16:20:39,680 INFO     ___FILE_ONLY___ ═
2024-02-09 16:20:39,762 INFO     ___FILE_ONLY___ ═
2024-02-09 16:20:39,849 INFO     ___FILE_ONLY___ ═
2024-02-09 16:20:39,949 INFO     ___FILE_ONLY___ ═
2024-02-09 16:20:40,041 INFO     ___FILE_ONLY___ ═
2024-02-09 16:20:40,124 INFO     ___FILE_ONLY___ ═
2024-02-09 16:20:40,218 INFO     ___FILE_ONLY___ ═
2024-02-09 16:20:40,325 INFO     ___FILE_ONLY___ ═
2024-02-09 16:20:40,410 INFO     ___FILE_ONLY___ ═
2024-02-09 16:20:40,499 INFO     ___FILE_ONLY___ ═
2024-02-09 16:20:40,578 INFO     ___FILE_ONLY___ ═
2024-02-09 16:20:40,660 INFO     ___FILE_ONLY___ ═
2024-02-09 16:20:40,744 INFO     ___FILE_ONLY___ ═
2024-02-09 16:20:40,835 INFO     ___FILE_ONLY___ ═
2024-02-09 16:20:40,918 INFO     ___FILE_ONLY___ ═
2024-02-09 16:20:40,992 INFO     ___FILE_ONLY___ ═
2024-02-09 16:20:41,078 INFO     ___FILE_ONLY___ ═
2024-02-09 16:20:41,165 INFO     ___FILE_ONLY___ ═
2024-02-09 16:20:41,294 INFO     ___FILE_ONLY___ ═
2024-02-09 16:20:41,363 INFO     ___FILE_ONLY___ ═
2024-02-09 16:20:41,428 INFO     ___FILE_ONLY___ ═
2024-02-09 16:20:41,490 INFO     ___FILE_ONLY___ ═
2024-02-09 16:20:41,548 INFO     ___FILE_ONLY___ ═
2024-02-09 16:20:41,612 INFO     ___FILE_ONLY___ ═
2024-02-09 16:20:41,679 INFO     ___FILE_ONLY___ ═
2024-02-09 16:20:41,752 INFO     ___FILE_ONLY___ ═
2024-02-09 16:20:41,826 INFO     ___FILE_ONLY___ ═
2024-02-09 16:20:41,910 INFO     ___FILE_ONLY___ ═
2024-02-09 16:20:41,910 INFO     ___FILE_ONLY___ ╝
2024-02-09 16:20:45,603 INFO     ___FILE_ONLY___ ╠════════════════════════════════════════════════════════════╣

2024-02-09 16:20:45,603 INFO     ___FILE_ONLY___ ╠═ Installing: BigQuery Command Line Tool                   ═╣

2024-02-09 16:20:45,603 INFO     ___FILE_ONLY___ ╚
2024-02-09 16:20:45,607 DEBUG    urllib3.connectionpool Starting new HTTPS connection (1): dl.google.com:443
2024-02-09 16:20:45,879 DEBUG    urllib3.connectionpool https://dl.google.com:443 "GET /dl/cloudsdk/channels/rapid/components/google-cloud-sdk-bq-20240112150613.tar.gz HTTP/1.1" 200 1679148
2024-02-09 16:20:46,205 INFO     ___FILE_ONLY___ ═
2024-02-09 16:20:46,205 INFO     ___FILE_ONLY___ ═
2024-02-09 16:20:46,205 INFO     ___FILE_ONLY___ ═
2024-02-09 16:20:46,205 INFO     ___FILE_ONLY___ ═
2024-02-09 16:20:46,205 INFO     ___FILE_ONLY___ ═
2024-02-09 16:20:46,206 INFO     ___FILE_ONLY___ ═
2024-02-09 16:20:46,206 INFO     ___FILE_ONLY___ ═
2024-02-09 16:20:46,206 INFO     ___FILE_ONLY___ ═
2024-02-09 16:20:46,206 INFO     ___FILE_ONLY___ ═
2024-02-09 16:20:46,206 INFO     ___FILE_ONLY___ ═
2024-02-09 16:20:46,206 INFO     ___FILE_ONLY___ ═
2024-02-09 16:20:46,206 INFO     ___FILE_ONLY___ ═
2024-02-09 16:20:46,207 INFO     ___FILE_ONLY___ ═
2024-02-09 16:20:46,207 INFO     ___FILE_ONLY___ ═
2024-02-09 16:20:46,207 INFO     ___FILE_ONLY___ ═
2024-02-09 16:20:46,207 INFO     ___FILE_ONLY___ ═
2024-02-09 16:20:46,207 INFO     ___FILE_ONLY___ ═
2024-02-09 16:20:46,207 INFO     ___FILE_ONLY___ ═
2024-02-09 16:20:46,207 INFO     ___FILE_ONLY___ ═
2024-02-09 16:20:46,207 INFO     ___FILE_ONLY___ ═
2024-02-09 16:20:46,207 INFO     ___FILE_ONLY___ ═
2024-02-09 16:20:46,208 INFO     ___FILE_ONLY___ ═
2024-02-09 16:20:46,208 INFO     ___FILE_ONLY___ ═
2024-02-09 16:20:46,208 INFO     ___FILE_ONLY___ ═
2024-02-09 16:20:46,208 INFO     ___FILE_ONLY___ ═
2024-02-09 16:20:46,208 INFO     ___FILE_ONLY___ ═
2024-02-09 16:20:46,208 INFO     ___FILE_ONLY___ ═
2024-02-09 16:20:46,208 INFO     ___FILE_ONLY___ ═
2024-02-09 16:20:46,208 INFO     ___FILE_ONLY___ ═
2024-02-09 16:20:46,208 INFO     ___FILE_ONLY___ ═
2024-02-09 16:20:46,376 INFO     ___FILE_ONLY___ ═
2024-02-09 16:20:46,446 INFO     ___FILE_ONLY___ ═
2024-02-09 16:20:46,511 INFO     ___FILE_ONLY___ ═
2024-02-09 16:20:46,580 INFO     ___FILE_ONLY___ ═
2024-02-09 16:20:46,664 INFO     ___FILE_ONLY___ ═
2024-02-09 16:20:46,746 INFO     ___FILE_ONLY___ ═
2024-02-09 16:20:46,846 INFO     ___FILE_ONLY___ ═
2024-02-09 16:20:46,918 INFO     ___FILE_ONLY___ ═
2024-02-09 16:20:47,003 INFO     ___FILE_ONLY___ ═
2024-02-09 16:20:47,072 INFO     ___FILE_ONLY___ ═
2024-02-09 16:20:47,147 INFO     ___FILE_ONLY___ ═
2024-02-09 16:20:47,215 INFO     ___FILE_ONLY___ ═
2024-02-09 16:20:47,273 INFO     ___FILE_ONLY___ ═
2024-02-09 16:20:47,348 INFO     ___FILE_ONLY___ ═
2024-02-09 16:20:47,392 INFO     ___FILE_ONLY___ ═
2024-02-09 16:20:47,459 INFO     ___FILE_ONLY___ ═
2024-02-09 16:20:47,528 INFO     ___FILE_ONLY___ ═
2024-02-09 16:20:47,603 INFO     ___FILE_ONLY___ ═
2024-02-09 16:20:47,695 INFO     ___FILE_ONLY___ ═
2024-02-09 16:20:47,799 INFO     ___FILE_ONLY___ ═
2024-02-09 16:20:47,887 INFO     ___FILE_ONLY___ ═
2024-02-09 16:20:47,971 INFO     ___FILE_ONLY___ ═
2024-02-09 16:20:48,057 INFO     ___FILE_ONLY___ ═
2024-02-09 16:20:48,131 INFO     ___FILE_ONLY___ ═
2024-02-09 16:20:48,207 INFO     ___FILE_ONLY___ ═
2024-02-09 16:20:48,277 INFO     ___FILE_ONLY___ ═
2024-02-09 16:20:48,347 INFO     ___FILE_ONLY___ ═
2024-02-09 16:20:48,409 INFO     ___FILE_ONLY___ ═
2024-02-09 16:20:48,492 INFO     ___FILE_ONLY___ ═
2024-02-09 16:20:48,566 INFO     ___FILE_ONLY___ ═
2024-02-09 16:20:48,566 INFO     ___FILE_ONLY___ ╝
2024-02-09 16:20:48,584 INFO     ___FILE_ONLY___ ╠════════════════════════════════════════════════════════════╣

2024-02-09 16:20:48,585 INFO     ___FILE_ONLY___ ╠═ Installing: BigQuery Command Line Tool (Platform Spec... ═╣

2024-02-09 16:20:48,585 INFO     ___FILE_ONLY___ ╚
2024-02-09 16:20:48,589 DEBUG    urllib3.connectionpool Starting new HTTPS connection (1): dl.google.com:443
2024-02-09 16:20:48,796 DEBUG    urllib3.connectionpool https://dl.google.com:443 "GET /dl/cloudsdk/channels/rapid/components/google-cloud-sdk-bq-nix-20240106004423.tar.gz HTTP/1.1" 200 2026
2024-02-09 16:20:48,797 INFO     ___FILE_ONLY___ ══════════════════════════════
2024-02-09 16:20:48,811 INFO     ___FILE_ONLY___ ══════════════════════════════
2024-02-09 16:20:48,811 INFO     ___FILE_ONLY___ ╝
2024-02-09 16:20:48,821 INFO     ___FILE_ONLY___ ╠════════════════════════════════════════════════════════════╣

2024-02-09 16:20:48,821 INFO     ___FILE_ONLY___ ╠═ Installing: Bundled Python 3.11                          ═╣

2024-02-09 16:20:48,821 INFO     ___FILE_ONLY___ ╚
2024-02-09 16:20:48,828 INFO     ___FILE_ONLY___ ════════════════════════════════════════════════════════════
2024-02-09 16:20:48,828 INFO     ___FILE_ONLY___ ╝
2024-02-09 16:20:48,829 INFO     ___FILE_ONLY___ ╠════════════════════════════════════════════════════════════╣

2024-02-09 16:20:48,829 INFO     ___FILE_ONLY___ ╠═ Installing: Bundled Python 3.11                          ═╣

2024-02-09 16:20:48,829 INFO     ___FILE_ONLY___ ╚
2024-02-09 16:20:48,832 DEBUG    urllib3.connectionpool Starting new HTTPS connection (1): dl.google.com:443
2024-02-09 16:20:49,162 DEBUG    urllib3.connectionpool https://dl.google.com:443 "GET /dl/cloudsdk/channels/rapid/components/google-cloud-sdk-bundled-python3-unix-linux-x86_64-20240129164525.tar.gz HTTP/1.1" 200 77407886
2024-02-09 16:20:50,965 INFO     ___FILE_ONLY___ ═
2024-02-09 16:20:50,967 INFO     ___FILE_ONLY___ ═
2024-02-09 16:20:50,969 INFO     ___FILE_ONLY___ ═
2024-02-09 16:20:50,971 INFO     ___FILE_ONLY___ ═
2024-02-09 16:20:50,974 INFO     ___FILE_ONLY___ ═
2024-02-09 16:20:50,976 INFO     ___FILE_ONLY___ ═
2024-02-09 16:20:50,979 INFO     ___FILE_ONLY___ ═
2024-02-09 16:20:50,982 INFO     ___FILE_ONLY___ ═
2024-02-09 16:20:50,984 INFO     ___FILE_ONLY___ ═
2024-02-09 16:20:50,987 INFO     ___FILE_ONLY___ ═
2024-02-09 16:20:50,989 INFO     ___FILE_ONLY___ ═
2024-02-09 16:20:50,992 INFO     ___FILE_ONLY___ ═
2024-02-09 16:20:50,994 INFO     ___FILE_ONLY___ ═
2024-02-09 16:20:50,997 INFO     ___FILE_ONLY___ ═
2024-02-09 16:20:51,000 INFO     ___FILE_ONLY___ ═
2024-02-09 16:20:51,003 INFO     ___FILE_ONLY___ ═
2024-02-09 16:20:51,005 INFO     ___FILE_ONLY___ ═
2024-02-09 16:20:51,007 INFO     ___FILE_ONLY___ ═
2024-02-09 16:20:51,009 INFO     ___FILE_ONLY___ ═
2024-02-09 16:20:51,012 INFO     ___FILE_ONLY___ ═
2024-02-09 16:20:51,014 INFO     ___FILE_ONLY___ ═
2024-02-09 16:20:51,017 INFO     ___FILE_ONLY___ ═
2024-02-09 16:20:51,019 INFO     ___FILE_ONLY___ ═
2024-02-09 16:20:51,022 INFO     ___FILE_ONLY___ ═
2024-02-09 16:20:51,024 INFO     ___FILE_ONLY___ ═
2024-02-09 16:20:51,027 INFO     ___FILE_ONLY___ ═
2024-02-09 16:20:51,029 INFO     ___FILE_ONLY___ ═
2024-02-09 16:20:51,033 INFO     ___FILE_ONLY___ ═
2024-02-09 16:20:51,036 INFO     ___FILE_ONLY___ ═
2024-02-09 16:20:51,038 INFO     ___FILE_ONLY___ ═
2024-02-09 16:20:52,878 INFO     ___FILE_ONLY___ ═
2024-02-09 16:20:53,237 INFO     ___FILE_ONLY___ ═
2024-02-09 16:20:53,624 INFO     ___FILE_ONLY___ ═
2024-02-09 16:20:54,024 INFO     ___FILE_ONLY___ ═
2024-02-09 16:20:54,413 INFO     ___FILE_ONLY___ ═
2024-02-09 16:20:54,875 INFO     ___FILE_ONLY___ ═
2024-02-09 16:20:55,357 INFO     ___FILE_ONLY___ ═
2024-02-09 16:20:55,727 INFO     ___FILE_ONLY___ ═
2024-02-09 16:20:56,172 INFO     ___FILE_ONLY___ ═
2024-02-09 16:20:56,544 INFO     ___FILE_ONLY___ ═
2024-02-09 16:20:57,039 INFO     ___FILE_ONLY___ ═
2024-02-09 16:20:57,442 INFO     ___FILE_ONLY___ ═
2024-02-09 16:20:57,945 INFO     ___FILE_ONLY___ ═
2024-02-09 16:20:58,364 INFO     ___FILE_ONLY___ ═
2024-02-09 16:20:58,766 INFO     ___FILE_ONLY___ ═
2024-02-09 16:20:59,238 INFO     ___FILE_ONLY___ ═
2024-02-09 16:20:59,651 INFO     ___FILE_ONLY___ ═
2024-02-09 16:21:00,020 INFO     ___FILE_ONLY___ ═
2024-02-09 16:21:00,436 INFO     ___FILE_ONLY___ ═
2024-02-09 16:21:00,802 INFO     ___FILE_ONLY___ ═
2024-02-09 16:21:01,256 INFO     ___FILE_ONLY___ ═
2024-02-09 16:21:01,687 INFO     ___FILE_ONLY___ ═
2024-02-09 16:21:02,073 INFO     ___FILE_ONLY___ ═
2024-02-09 16:21:02,498 INFO     ___FILE_ONLY___ ═
2024-02-09 16:21:02,862 INFO     ___FILE_ONLY___ ═
2024-02-09 16:21:03,258 INFO     ___FILE_ONLY___ ═
2024-02-09 16:21:03,651 INFO     ___FILE_ONLY___ ═
2024-02-09 16:21:04,796 INFO     ___FILE_ONLY___ ═
2024-02-09 16:21:05,132 INFO     ___FILE_ONLY___ ═
2024-02-09 16:21:05,420 INFO     ___FILE_ONLY___ ═
2024-02-09 16:21:05,420 INFO     ___FILE_ONLY___ ╝
2024-02-09 16:21:05,464 INFO     ___FILE_ONLY___ ╠════════════════════════════════════════════════════════════╣

2024-02-09 16:21:05,464 INFO     ___FILE_ONLY___ ╠═ Installing: Cloud Storage Command Line Tool              ═╣

2024-02-09 16:21:05,465 INFO     ___FILE_ONLY___ ╚
2024-02-09 16:21:05,468 DEBUG    urllib3.connectionpool Starting new HTTPS connection (1): dl.google.com:443
2024-02-09 16:21:05,805 DEBUG    urllib3.connectionpool https://dl.google.com:443 "GET /dl/cloudsdk/channels/rapid/components/google-cloud-sdk-gsutil-20231025210228.tar.gz HTTP/1.1" 200 11833901
2024-02-09 16:21:06,531 INFO     ___FILE_ONLY___ ═
2024-02-09 16:21:06,532 INFO     ___FILE_ONLY___ ═
2024-02-09 16:21:06,532 INFO     ___FILE_ONLY___ ═
2024-02-09 16:21:06,533 INFO     ___FILE_ONLY___ ═
2024-02-09 16:21:06,533 INFO     ___FILE_ONLY___ ═
2024-02-09 16:21:06,534 INFO     ___FILE_ONLY___ ═
2024-02-09 16:21:06,535 INFO     ___FILE_ONLY___ ═
2024-02-09 16:21:06,535 INFO     ___FILE_ONLY___ ═
2024-02-09 16:21:06,535 INFO     ___FILE_ONLY___ ═
2024-02-09 16:21:06,536 INFO     ___FILE_ONLY___ ═
2024-02-09 16:21:06,536 INFO     ___FILE_ONLY___ ═
2024-02-09 16:21:06,537 INFO     ___FILE_ONLY___ ═
2024-02-09 16:21:06,537 INFO     ___FILE_ONLY___ ═
2024-02-09 16:21:06,538 INFO     ___FILE_ONLY___ ═
2024-02-09 16:21:06,538 INFO     ___FILE_ONLY___ ═
2024-02-09 16:21:06,539 INFO     ___FILE_ONLY___ ═
2024-02-09 16:21:06,539 INFO     ___FILE_ONLY___ ═
2024-02-09 16:21:06,540 INFO     ___FILE_ONLY___ ═
2024-02-09 16:21:06,540 INFO     ___FILE_ONLY___ ═
2024-02-09 16:21:06,541 INFO     ___FILE_ONLY___ ═
2024-02-09 16:21:06,541 INFO     ___FILE_ONLY___ ═
2024-02-09 16:21:06,542 INFO     ___FILE_ONLY___ ═
2024-02-09 16:21:06,542 INFO     ___FILE_ONLY___ ═
2024-02-09 16:21:06,543 INFO     ___FILE_ONLY___ ═
2024-02-09 16:21:06,544 INFO     ___FILE_ONLY___ ═
2024-02-09 16:21:06,544 INFO     ___FILE_ONLY___ ═
2024-02-09 16:21:06,545 INFO     ___FILE_ONLY___ ═
2024-02-09 16:21:06,546 INFO     ___FILE_ONLY___ ═
2024-02-09 16:21:06,546 INFO     ___FILE_ONLY___ ═
2024-02-09 16:21:06,546 INFO     ___FILE_ONLY___ ═
2024-02-09 16:21:07,636 INFO     ___FILE_ONLY___ ═
2024-02-09 16:21:08,411 INFO     ___FILE_ONLY___ ═
2024-02-09 16:21:09,105 INFO     ___FILE_ONLY___ ═
2024-02-09 16:21:09,825 INFO     ___FILE_ONLY___ ═
2024-02-09 16:21:10,558 INFO     ___FILE_ONLY___ ═
2024-02-09 16:21:11,191 INFO     ___FILE_ONLY___ ═
2024-02-09 16:21:11,730 INFO     ___FILE_ONLY___ ═
2024-02-09 16:21:12,247 INFO     ___FILE_ONLY___ ═
2024-02-09 16:21:12,767 INFO     ___FILE_ONLY___ ═
2024-02-09 16:21:13,290 INFO     ___FILE_ONLY___ ═
2024-02-09 16:21:13,847 INFO     ___FILE_ONLY___ ═
2024-02-09 16:21:14,280 INFO     ___FILE_ONLY___ ═
2024-02-09 16:21:14,885 INFO     ___FILE_ONLY___ ═
2024-02-09 16:21:15,384 INFO     ___FILE_ONLY___ ═
2024-02-09 16:21:16,085 INFO     ___FILE_ONLY___ ═
2024-02-09 16:21:16,807 INFO     ___FILE_ONLY___ ═
2024-02-09 16:21:17,577 INFO     ___FILE_ONLY___ ═
2024-02-09 16:21:18,172 INFO     ___FILE_ONLY___ ═
2024-02-09 16:21:18,683 INFO     ___FILE_ONLY___ ═
2024-02-09 16:21:19,309 INFO     ___FILE_ONLY___ ═
2024-02-09 16:21:19,932 INFO     ___FILE_ONLY___ ═
2024-02-09 16:21:20,488 INFO     ___FILE_ONLY___ ═
2024-02-09 16:21:21,182 INFO     ___FILE_ONLY___ ═
2024-02-09 16:21:21,980 INFO     ___FILE_ONLY___ ═
2024-02-09 16:21:22,555 INFO     ___FILE_ONLY___ ═
2024-02-09 16:21:23,176 INFO     ___FILE_ONLY___ ═
2024-02-09 16:21:23,745 INFO     ___FILE_ONLY___ ═
2024-02-09 16:21:24,282 INFO     ___FILE_ONLY___ ═
2024-02-09 16:21:24,803 INFO     ___FILE_ONLY___ ═
2024-02-09 16:21:25,265 INFO     ___FILE_ONLY___ ═
2024-02-09 16:21:25,265 INFO     ___FILE_ONLY___ ╝
2024-02-09 16:21:25,309 INFO     ___FILE_ONLY___ ╠════════════════════════════════════════════════════════════╣

2024-02-09 16:21:25,310 INFO     ___FILE_ONLY___ ╠═ Installing: Cloud Storage Command Line Tool (Platform... ═╣

2024-02-09 16:21:25,310 INFO     ___FILE_ONLY___ ╚
2024-02-09 16:21:25,313 DEBUG    urllib3.connectionpool Starting new HTTPS connection (1): dl.google.com:443
2024-02-09 16:21:25,512 DEBUG    urllib3.connectionpool https://dl.google.com:443 "GET /dl/cloudsdk/channels/rapid/components/google-cloud-sdk-gsutil-nix-20240106004423.tar.gz HTTP/1.1" 200 2042
2024-02-09 16:21:25,513 INFO     ___FILE_ONLY___ ══════════════════════════════
2024-02-09 16:21:25,528 INFO     ___FILE_ONLY___ ══════════════════════════════
2024-02-09 16:21:25,528 INFO     ___FILE_ONLY___ ╝
2024-02-09 16:21:25,541 INFO     ___FILE_ONLY___ ╠════════════════════════════════════════════════════════════╣

2024-02-09 16:21:25,542 INFO     ___FILE_ONLY___ ╠═ Installing: Google Cloud CLI Core Libraries              ═╣

2024-02-09 16:21:25,542 INFO     ___FILE_ONLY___ ╚
2024-02-09 16:21:25,545 DEBUG    urllib3.connectionpool Starting new HTTPS connection (1): dl.google.com:443
2024-02-09 16:21:25,795 DEBUG    urllib3.connectionpool https://dl.google.com:443 "GET /dl/cloudsdk/channels/rapid/components/google-cloud-sdk-core-20240202164548.tar.gz HTTP/1.1" 200 23576260
2024-02-09 16:21:26,569 INFO     ___FILE_ONLY___ ═
2024-02-09 16:21:26,570 INFO     ___FILE_ONLY___ ═
2024-02-09 16:21:26,571 INFO     ___FILE_ONLY___ ═
2024-02-09 16:21:26,572 INFO     ___FILE_ONLY___ ═
2024-02-09 16:21:26,573 INFO     ___FILE_ONLY___ ═
2024-02-09 16:21:26,574 INFO     ___FILE_ONLY___ ═
2024-02-09 16:21:26,574 INFO     ___FILE_ONLY___ ═
2024-02-09 16:21:26,575 INFO     ___FILE_ONLY___ ═
2024-02-09 16:21:26,576 INFO     ___FILE_ONLY___ ═
2024-02-09 16:21:26,577 INFO     ___FILE_ONLY___ ═
2024-02-09 16:21:26,578 INFO     ___FILE_ONLY___ ═
2024-02-09 16:21:26,579 INFO     ___FILE_ONLY___ ═
2024-02-09 16:21:26,580 INFO     ___FILE_ONLY___ ═
2024-02-09 16:21:26,580 INFO     ___FILE_ONLY___ ═
2024-02-09 16:21:26,581 INFO     ___FILE_ONLY___ ═
2024-02-09 16:21:26,582 INFO     ___FILE_ONLY___ ═
2024-02-09 16:21:26,583 INFO     ___FILE_ONLY___ ═
2024-02-09 16:21:26,584 INFO     ___FILE_ONLY___ ═
2024-02-09 16:21:26,585 INFO     ___FILE_ONLY___ ═
2024-02-09 16:21:26,586 INFO     ___FILE_ONLY___ ═
2024-02-09 16:21:26,587 INFO     ___FILE_ONLY___ ═
2024-02-09 16:21:26,587 INFO     ___FILE_ONLY___ ═
2024-02-09 16:21:26,588 INFO     ___FILE_ONLY___ ═
2024-02-09 16:21:26,589 INFO     ___FILE_ONLY___ ═
2024-02-09 16:21:26,590 INFO     ___FILE_ONLY___ ═
2024-02-09 16:21:26,591 INFO     ___FILE_ONLY___ ═
2024-02-09 16:21:26,592 INFO     ___FILE_ONLY___ ═
2024-02-09 16:21:26,593 INFO     ___FILE_ONLY___ ═
2024-02-09 16:21:26,594 INFO     ___FILE_ONLY___ ═
2024-02-09 16:21:26,595 INFO     ___FILE_ONLY___ ═
2024-02-09 16:21:30,024 INFO     ___FILE_ONLY___ ═
2024-02-09 16:21:31,882 INFO     ___FILE_ONLY___ ═
2024-02-09 16:21:33,737 INFO     ___FILE_ONLY___ ═
2024-02-09 16:21:35,635 INFO     ___FILE_ONLY___ ═
2024-02-09 16:21:37,532 INFO     ___FILE_ONLY___ ═
2024-02-09 16:21:39,337 INFO     ___FILE_ONLY___ ═
2024-02-09 16:21:41,281 INFO     ___FILE_ONLY___ ═
2024-02-09 16:21:43,477 INFO     ___FILE_ONLY___ ═
2024-02-09 16:21:45,941 INFO     ___FILE_ONLY___ ═
2024-02-09 16:21:48,435 INFO     ___FILE_ONLY___ ═
2024-02-09 16:21:50,886 INFO     ___FILE_ONLY___ ═
2024-02-09 16:21:53,269 INFO     ___FILE_ONLY___ ═
2024-02-09 16:21:55,005 INFO     ___FILE_ONLY___ ═
2024-02-09 16:21:56,728 INFO     ___FILE_ONLY___ ═
2024-02-09 16:21:58,600 INFO     ___FILE_ONLY___ ═
2024-02-09 16:22:01,325 INFO     ___FILE_ONLY___ ═
2024-02-09 16:22:03,477 INFO     ___FILE_ONLY___ ═
2024-02-09 16:22:05,467 INFO     ___FILE_ONLY___ ═
2024-02-09 16:22:07,844 INFO     ___FILE_ONLY___ ═
2024-02-09 16:22:10,417 INFO     ___FILE_ONLY___ ═
2024-02-09 16:22:12,491 INFO     ___FILE_ONLY___ ═
2024-02-09 16:22:14,315 INFO     ___FILE_ONLY___ ═
2024-02-09 16:22:16,146 INFO     ___FILE_ONLY___ ═
2024-02-09 16:22:18,370 INFO     ___FILE_ONLY___ ═
2024-02-09 16:22:20,254 INFO     ___FILE_ONLY___ ═
2024-02-09 16:22:22,061 INFO     ___FILE_ONLY___ ═
2024-02-09 16:22:24,418 INFO     ___FILE_ONLY___ ═
2024-02-09 16:22:26,574 INFO     ___FILE_ONLY___ ═
2024-02-09 16:22:28,698 INFO     ___FILE_ONLY___ ═
2024-02-09 16:22:30,912 INFO     ___FILE_ONLY___ ═
2024-02-09 16:22:30,912 INFO     ___FILE_ONLY___ ╝
2024-02-09 16:22:31,009 INFO     ___FILE_ONLY___ ╠════════════════════════════════════════════════════════════╣

2024-02-09 16:22:31,009 INFO     ___FILE_ONLY___ ╠═ Installing: Google Cloud CLI Core Libraries (Platform... ═╣

2024-02-09 16:22:31,010 INFO     ___FILE_ONLY___ ╚
2024-02-09 16:22:31,013 DEBUG    urllib3.connectionpool Starting new HTTPS connection (1): dl.google.com:443
2024-02-09 16:22:31,307 DEBUG    urllib3.connectionpool https://dl.google.com:443 "GET /dl/cloudsdk/channels/rapid/components/google-cloud-sdk-core-nix-20240106004423.tar.gz HTTP/1.1" 200 2410
2024-02-09 16:22:31,309 INFO     ___FILE_ONLY___ ══════════════════════════════
2024-02-09 16:22:31,329 INFO     ___FILE_ONLY___ ═══════════════
2024-02-09 16:22:31,337 INFO     ___FILE_ONLY___ ═══════════════
2024-02-09 16:22:31,337 INFO     ___FILE_ONLY___ ╝
2024-02-09 16:22:31,350 INFO     ___FILE_ONLY___ ╠════════════════════════════════════════════════════════════╣

2024-02-09 16:22:31,350 INFO     ___FILE_ONLY___ ╠═ Installing: Google Cloud CRC32C Hash Tool                ═╣

2024-02-09 16:22:31,350 INFO     ___FILE_ONLY___ ╚
2024-02-09 16:22:31,353 DEBUG    urllib3.connectionpool Starting new HTTPS connection (1): dl.google.com:443
2024-02-09 16:22:31,683 DEBUG    urllib3.connectionpool https://dl.google.com:443 "GET /dl/cloudsdk/channels/rapid/components/google-cloud-sdk-gcloud-crc32c-linux-x86_64-20231215195722.tar.gz HTTP/1.1" 200 1287877
2024-02-09 16:22:32,142 INFO     ___FILE_ONLY___ ═
2024-02-09 16:22:32,143 INFO     ___FILE_ONLY___ ═
2024-02-09 16:22:32,143 INFO     ___FILE_ONLY___ ═
2024-02-09 16:22:32,143 INFO     ___FILE_ONLY___ ═
2024-02-09 16:22:32,143 INFO     ___FILE_ONLY___ ═
2024-02-09 16:22:32,143 INFO     ___FILE_ONLY___ ═
2024-02-09 16:22:32,143 INFO     ___FILE_ONLY___ ═
2024-02-09 16:22:32,143 INFO     ___FILE_ONLY___ ═
2024-02-09 16:22:32,143 INFO     ___FILE_ONLY___ ═
2024-02-09 16:22:32,144 INFO     ___FILE_ONLY___ ═
2024-02-09 16:22:32,144 INFO     ___FILE_ONLY___ ═
2024-02-09 16:22:32,144 INFO     ___FILE_ONLY___ ═
2024-02-09 16:22:32,144 INFO     ___FILE_ONLY___ ═
2024-02-09 16:22:32,144 INFO     ___FILE_ONLY___ ═
2024-02-09 16:22:32,144 INFO     ___FILE_ONLY___ ═
2024-02-09 16:22:32,144 INFO     ___FILE_ONLY___ ═
2024-02-09 16:22:32,144 INFO     ___FILE_ONLY___ ═
2024-02-09 16:22:32,144 INFO     ___FILE_ONLY___ ═
2024-02-09 16:22:32,144 INFO     ___FILE_ONLY___ ═
2024-02-09 16:22:32,144 INFO     ___FILE_ONLY___ ═
2024-02-09 16:22:32,144 INFO     ___FILE_ONLY___ ═
2024-02-09 16:22:32,145 INFO     ___FILE_ONLY___ ═
2024-02-09 16:22:32,145 INFO     ___FILE_ONLY___ ═
2024-02-09 16:22:32,145 INFO     ___FILE_ONLY___ ═
2024-02-09 16:22:32,145 INFO     ___FILE_ONLY___ ═
2024-02-09 16:22:32,145 INFO     ___FILE_ONLY___ ═
2024-02-09 16:22:32,145 INFO     ___FILE_ONLY___ ═
2024-02-09 16:22:32,145 INFO     ___FILE_ONLY___ ═
2024-02-09 16:22:32,145 INFO     ___FILE_ONLY___ ═
2024-02-09 16:22:32,145 INFO     ___FILE_ONLY___ ═
2024-02-09 16:22:32,196 INFO     ___FILE_ONLY___ ═══════════════
2024-02-09 16:22:32,201 INFO     ___FILE_ONLY___ ═══════════════
2024-02-09 16:22:32,201 INFO     ___FILE_ONLY___ ╝
2024-02-09 16:22:32,210 INFO     ___FILE_ONLY___ ╠════════════════════════════════════════════════════════════╣

2024-02-09 16:22:32,211 INFO     ___FILE_ONLY___ ╠═ Installing: anthoscli                                    ═╣

2024-02-09 16:22:32,211 INFO     ___FILE_ONLY___ ╚
2024-02-09 16:22:32,213 DEBUG    urllib3.connectionpool Starting new HTTPS connection (1): dl.google.com:443
2024-02-09 16:22:32,426 DEBUG    urllib3.connectionpool https://dl.google.com:443 "GET /dl/cloudsdk/channels/rapid/components/google-cloud-sdk-anthoscli-linux-x86_64-20240106004423.tar.gz HTTP/1.1" 200 72239870
2024-02-09 16:22:53,971 INFO     ___FILE_ONLY___ ═
2024-02-09 16:22:53,973 INFO     ___FILE_ONLY___ ═
2024-02-09 16:22:53,975 INFO     ___FILE_ONLY___ ═
2024-02-09 16:22:53,977 INFO     ___FILE_ONLY___ ═
2024-02-09 16:22:53,979 INFO     ___FILE_ONLY___ ═
2024-02-09 16:22:53,982 INFO     ___FILE_ONLY___ ═
2024-02-09 16:22:53,984 INFO     ___FILE_ONLY___ ═
2024-02-09 16:22:53,986 INFO     ___FILE_ONLY___ ═
2024-02-09 16:22:53,989 INFO     ___FILE_ONLY___ ═
2024-02-09 16:22:53,991 INFO     ___FILE_ONLY___ ═
2024-02-09 16:22:53,993 INFO     ___FILE_ONLY___ ═
2024-02-09 16:22:53,996 INFO     ___FILE_ONLY___ ═
2024-02-09 16:22:53,999 INFO     ___FILE_ONLY___ ═
2024-02-09 16:22:54,001 INFO     ___FILE_ONLY___ ═
2024-02-09 16:22:54,004 INFO     ___FILE_ONLY___ ═
2024-02-09 16:22:54,007 INFO     ___FILE_ONLY___ ═
2024-02-09 16:22:54,010 INFO     ___FILE_ONLY___ ═
2024-02-09 16:22:54,013 INFO     ___FILE_ONLY___ ═
2024-02-09 16:22:54,016 INFO     ___FILE_ONLY___ ═
2024-02-09 16:22:54,019 INFO     ___FILE_ONLY___ ═
2024-02-09 16:22:54,022 INFO     ___FILE_ONLY___ ═
2024-02-09 16:22:54,024 INFO     ___FILE_ONLY___ ═
2024-02-09 16:22:54,027 INFO     ___FILE_ONLY___ ═
2024-02-09 16:22:54,030 INFO     ___FILE_ONLY___ ═
2024-02-09 16:22:54,033 INFO     ___FILE_ONLY___ ═
2024-02-09 16:22:54,035 INFO     ___FILE_ONLY___ ═
2024-02-09 16:22:54,038 INFO     ___FILE_ONLY___ ═
2024-02-09 16:22:54,041 INFO     ___FILE_ONLY___ ═
2024-02-09 16:22:54,043 INFO     ___FILE_ONLY___ ═
2024-02-09 16:22:54,048 INFO     ___FILE_ONLY___ ═
2024-02-09 16:22:55,614 INFO     ___FILE_ONLY___ ══════════
2024-02-09 16:22:55,627 INFO     ___FILE_ONLY___ ═════════
2024-02-09 16:22:55,667 INFO     ___FILE_ONLY___ ═══════════
2024-02-09 16:22:55,667 INFO     ___FILE_ONLY___ ╝
2024-02-09 16:22:55,699 INFO     ___FILE_ONLY___ ╠════════════════════════════════════════════════════════════╣

2024-02-09 16:22:55,699 INFO     ___FILE_ONLY___ ╠═ Installing: gcloud cli dependencies                      ═╣

2024-02-09 16:22:55,699 INFO     ___FILE_ONLY___ ╚
2024-02-09 16:22:55,702 DEBUG    urllib3.connectionpool Starting new HTTPS connection (1): dl.google.com:443
2024-02-09 16:22:55,914 DEBUG    urllib3.connectionpool https://dl.google.com:443 "GET /dl/cloudsdk/channels/rapid/components/google-cloud-sdk-gcloud-deps-linux-x86_64-20210416153011.tar.gz HTTP/1.1" 200 104
2024-02-09 16:22:55,918 INFO     ___FILE_ONLY___ ══════════════════════════════
2024-02-09 16:22:55,923 INFO     ___FILE_ONLY___ ══════════════════════════════
2024-02-09 16:22:55,923 INFO     ___FILE_ONLY___ ╝
2024-02-09 16:22:55,933 INFO     ___FILE_ONLY___ ╠════════════════════════════════════════════════════════════╣

2024-02-09 16:22:55,933 INFO     ___FILE_ONLY___ ╠═ Installing: gcloud cli dependencies                      ═╣

2024-02-09 16:22:55,934 INFO     ___FILE_ONLY___ ╚
2024-02-09 16:22:55,937 DEBUG    urllib3.connectionpool Starting new HTTPS connection (1): dl.google.com:443
2024-02-09 16:22:56,188 DEBUG    urllib3.connectionpool https://dl.google.com:443 "GET /dl/cloudsdk/channels/rapid/components/google-cloud-sdk-gcloud-deps-20240129164525.tar.gz HTTP/1.1" 200 17398944
2024-02-09 16:22:56,852 INFO     ___FILE_ONLY___ ═
2024-02-09 16:22:56,853 INFO     ___FILE_ONLY___ ═
2024-02-09 16:22:56,853 INFO     ___FILE_ONLY___ ═
2024-02-09 16:22:56,854 INFO     ___FILE_ONLY___ ═
2024-02-09 16:22:56,854 INFO     ___FILE_ONLY___ ═
2024-02-09 16:22:56,855 INFO     ___FILE_ONLY___ ═
2024-02-09 16:22:56,855 INFO     ___FILE_ONLY___ ═
2024-02-09 16:22:56,856 INFO     ___FILE_ONLY___ ═
2024-02-09 16:22:56,856 INFO     ___FILE_ONLY___ ═
2024-02-09 16:22:56,857 INFO     ___FILE_ONLY___ ═
2024-02-09 16:22:56,858 INFO     ___FILE_ONLY___ ═
2024-02-09 16:22:56,858 INFO     ___FILE_ONLY___ ═
2024-02-09 16:22:56,859 INFO     ___FILE_ONLY___ ═
2024-02-09 16:22:56,859 INFO     ___FILE_ONLY___ ═
2024-02-09 16:22:56,860 INFO     ___FILE_ONLY___ ═
2024-02-09 16:22:56,861 INFO     ___FILE_ONLY___ ═
2024-02-09 16:22:56,862 INFO     ___FILE_ONLY___ ═
2024-02-09 16:22:56,862 INFO     ___FILE_ONLY___ ═
2024-02-09 16:22:56,863 INFO     ___FILE_ONLY___ ═
2024-02-09 16:22:56,864 INFO     ___FILE_ONLY___ ═
2024-02-09 16:22:56,864 INFO     ___FILE_ONLY___ ═
2024-02-09 16:22:56,865 INFO     ___FILE_ONLY___ ═
2024-02-09 16:22:56,865 INFO     ___FILE_ONLY___ ═
2024-02-09 16:22:56,866 INFO     ___FILE_ONLY___ ═
2024-02-09 16:22:56,866 INFO     ___FILE_ONLY___ ═
2024-02-09 16:22:56,867 INFO     ___FILE_ONLY___ ═
2024-02-09 16:22:56,868 INFO     ___FILE_ONLY___ ═
2024-02-09 16:22:56,868 INFO     ___FILE_ONLY___ ═
2024-02-09 16:22:56,869 INFO     ___FILE_ONLY___ ═
2024-02-09 16:22:56,870 INFO     ___FILE_ONLY___ ═
2024-02-09 16:22:58,286 INFO     ___FILE_ONLY___ ═
2024-02-09 16:22:59,408 INFO     ___FILE_ONLY___ ═
2024-02-09 16:23:00,642 INFO     ___FILE_ONLY___ ═
2024-02-09 16:23:01,861 INFO     ___FILE_ONLY___ ═
2024-02-09 16:23:03,123 INFO     ___FILE_ONLY___ ═
2024-02-09 16:23:04,361 INFO     ___FILE_ONLY___ ═
2024-02-09 16:23:05,554 INFO     ___FILE_ONLY___ ═
2024-02-09 16:23:06,704 INFO     ___FILE_ONLY___ ═
2024-02-09 16:23:07,999 INFO     ___FILE_ONLY___ ═
2024-02-09 16:23:08,806 INFO     ___FILE_ONLY___ ═
2024-02-09 16:23:09,604 INFO     ___FILE_ONLY___ ═
2024-02-09 16:23:10,499 INFO     ___FILE_ONLY___ ═
2024-02-09 16:23:11,469 INFO     ___FILE_ONLY___ ═
2024-02-09 16:23:12,353 INFO     ___FILE_ONLY___ ═
2024-02-09 16:23:13,318 INFO     ___FILE_ONLY___ ═
2024-02-09 16:23:14,136 INFO     ___FILE_ONLY___ ═
2024-02-09 16:23:15,027 INFO     ___FILE_ONLY___ ═
2024-02-09 16:23:15,872 INFO     ___FILE_ONLY___ ═
2024-02-09 16:23:16,961 INFO     ___FILE_ONLY___ ═
2024-02-09 16:23:17,988 INFO     ___FILE_ONLY___ ═
2024-02-09 16:23:18,960 INFO     ___FILE_ONLY___ ═
2024-02-09 16:23:19,992 INFO     ___FILE_ONLY___ ═
2024-02-09 16:23:20,676 INFO     ___FILE_ONLY___ ═
2024-02-09 16:23:21,207 INFO     ___FILE_ONLY___ ═
2024-02-09 16:23:21,771 INFO     ___FILE_ONLY___ ═
2024-02-09 16:23:22,389 INFO     ___FILE_ONLY___ ═
2024-02-09 16:23:23,336 INFO     ___FILE_ONLY___ ═
2024-02-09 16:23:24,244 INFO     ___FILE_ONLY___ ═
2024-02-09 16:23:25,115 INFO     ___FILE_ONLY___ ═
2024-02-09 16:23:25,970 INFO     ___FILE_ONLY___ ═
2024-02-09 16:23:25,970 INFO     ___FILE_ONLY___ ╝
2024-02-09 16:23:26,018 INFO     ___FILE_ONLY___ ╠════════════════════════════════════════════════════════════╣

2024-02-09 16:23:26,018 INFO     ___FILE_ONLY___ ╠═ Installing: gke-gcloud-auth-plugin                       ═╣

2024-02-09 16:23:26,019 INFO     ___FILE_ONLY___ ╚
2024-02-09 16:23:26,022 DEBUG    urllib3.connectionpool Starting new HTTPS connection (1): dl.google.com:443
2024-02-09 16:23:26,321 DEBUG    urllib3.connectionpool https://dl.google.com:443 "GET /dl/cloudsdk/channels/rapid/components/google-cloud-sdk-gke-gcloud-auth-plugin-linux-x86_64-20240106004423.tar.gz HTTP/1.1" 200 8323564
2024-02-09 16:23:26,771 INFO     ___FILE_ONLY___ ═
2024-02-09 16:23:26,772 INFO     ___FILE_ONLY___ ═
2024-02-09 16:23:26,772 INFO     ___FILE_ONLY___ ═
2024-02-09 16:23:26,773 INFO     ___FILE_ONLY___ ═
2024-02-09 16:23:26,773 INFO     ___FILE_ONLY___ ═
2024-02-09 16:23:26,774 INFO     ___FILE_ONLY___ ═
2024-02-09 16:23:26,774 INFO     ___FILE_ONLY___ ═
2024-02-09 16:23:26,775 INFO     ___FILE_ONLY___ ═
2024-02-09 16:23:26,775 INFO     ___FILE_ONLY___ ═
2024-02-09 16:23:26,775 INFO     ___FILE_ONLY___ ═
2024-02-09 16:23:26,776 INFO     ___FILE_ONLY___ ═
2024-02-09 16:23:26,776 INFO     ___FILE_ONLY___ ═
2024-02-09 16:23:26,776 INFO     ___FILE_ONLY___ ═
2024-02-09 16:23:26,777 INFO     ___FILE_ONLY___ ═
2024-02-09 16:23:26,777 INFO     ___FILE_ONLY___ ═
2024-02-09 16:23:26,777 INFO     ___FILE_ONLY___ ═
2024-02-09 16:23:26,778 INFO     ___FILE_ONLY___ ═
2024-02-09 16:23:26,778 INFO     ___FILE_ONLY___ ═
2024-02-09 16:23:26,778 INFO     ___FILE_ONLY___ ═
2024-02-09 16:23:26,779 INFO     ___FILE_ONLY___ ═
2024-02-09 16:23:26,779 INFO     ___FILE_ONLY___ ═
2024-02-09 16:23:26,780 INFO     ___FILE_ONLY___ ═
2024-02-09 16:23:26,780 INFO     ___FILE_ONLY___ ═
2024-02-09 16:23:26,780 INFO     ___FILE_ONLY___ ═
2024-02-09 16:23:26,781 INFO     ___FILE_ONLY___ ═
2024-02-09 16:23:26,781 INFO     ___FILE_ONLY___ ═
2024-02-09 16:23:26,782 INFO     ___FILE_ONLY___ ═
2024-02-09 16:23:26,782 INFO     ___FILE_ONLY___ ═
2024-02-09 16:23:26,782 INFO     ___FILE_ONLY___ ═
2024-02-09 16:23:26,783 INFO     ___FILE_ONLY___ ═
2024-02-09 16:23:27,006 INFO     ___FILE_ONLY___ ══════════════════════════════
2024-02-09 16:23:27,006 INFO     ___FILE_ONLY___ ╝
2024-02-09 16:23:27,019 INFO     ___FILE_ONLY___ ╠════════════════════════════════════════════════════════════╣

2024-02-09 16:23:27,019 INFO     ___FILE_ONLY___ ╠═ Creating backup and activating new installation          ═╣

2024-02-09 16:23:27,019 INFO     ___FILE_ONLY___ ╚
2024-02-09 16:23:27,020 DEBUG    root            Attempting to move directory [/mnt/c/Users/namhyuck.kim/AppData/Local/Google/Cloud SDK/google-cloud-sdk] to [/mnt/c/Users/namhyuck.kim/AppData/Local/Google/Cloud SDK/google-cloud-sdk.staging/.install/.backup]
2024-02-09 16:23:27,086 INFO     ___FILE_ONLY___ ══════════════════════════════
2024-02-09 16:23:27,086 DEBUG    root            Attempting to move directory [/mnt/c/Users/namhyuck.kim/AppData/Local/Google/Cloud SDK/google-cloud-sdk.staging] to [/mnt/c/Users/namhyuck.kim/AppData/Local/Google/Cloud SDK/google-cloud-sdk]
2024-02-09 16:23:27,160 INFO     ___FILE_ONLY___ ══════════════════════════════
2024-02-09 16:23:27,160 INFO     ___FILE_ONLY___ ╝

2024-02-09 16:23:27,269 DEBUG    root            Updating notification cache...
2024-02-09 16:23:27,283 INFO     ___FILE_ONLY___ 

2024-02-09 16:23:27,284 INFO     ___FILE_ONLY___ Performing post processing steps...
2024-02-09 16:23:27,285 DEBUG    root            Executing command: ['/usr/bin/python3', '-S', '/mnt/c/Users/namhyuck.kim/AppData/Local/Google/Cloud SDK/google-cloud-sdk/lib/gcloud.py', 'components', 'post-process']
2024-02-09 16:24:32,135 DEBUG    ___FILE_ONLY___ 
2024-02-09 16:24:32,135 DEBUG    ___FILE_ONLY___ 
2024-02-09 16:24:32,296 INFO     ___FILE_ONLY___ 
Update done!


2024-02-09 16:24:32,297 INFO     ___FILE_ONLY___ To revert your CLI to the previously installed version, you may run:
  $ gcloud components update --version 421.0.0


2024-02-09 16:24:32,539 WARNING  root              There are other instances of Google Cloud tools on your system PATH.
  Please remove the following to avoid confusion or accidental invocation:

  /usr/lib/google-cloud-sdk/bin/gsutil
/usr/lib/google-cloud-sdk/bin/bq
/usr/lib/google-cloud-sdk/bin/docker-credential-gcloud
/usr/lib/google-cloud-sdk/bin/gcloud-crc32c
/usr/lib/google-cloud-sdk/bin/gcloud
/usr/lib/google-cloud-sdk/bin/git-credential-gcloud.sh
/usr/lib/google-cloud-sdk/bin/anthoscli

  
2024-02-09 16:24:32,804 DEBUG    root            Chosen display Format:none
2024-02-09 16:24:32,804 INFO     root            Display format: "none"
