2024-02-09 16:11:14,786 ERROR    root            (gcloud) Command name argument expected.
2024-02-09 16:11:14,789 DEBUG    root            Loaded Command Group: ['gcloud', 'emulators']
2024-02-09 16:11:14,798 DEBUG    root            Loaded Command Group: ['gcloud', 'database_migration']
2024-02-09 16:11:14,807 DEBUG    root            No implementation for release track [GA] for element: [/mnt/c/Users/namhyuck.kim/AppData/Local/Google/Cloud SDK/google-cloud-sdk/lib/surface/resource_config]
2024-02-09 16:11:14,810 DEBUG    root            Loaded Command Group: ['gcloud', 'resource_settings']
2024-02-09 16:11:14,816 DEBUG    root            Loaded Command Group: ['gcloud', 'bms']
2024-02-09 16:11:14,825 DEBUG    root            Loaded Command Group: ['gcloud', 'organizations']
2024-02-09 16:11:14,837 DEBUG    root            Loaded Command Group: ['gcloud', 'debug']
2024-02-09 16:11:14,846 DEBUG    root            Loaded Command Group: ['gcloud', 'deployment_manager']
2024-02-09 16:11:14,855 DEBUG    root            Loaded Command Group: ['gcloud', 'ai']
2024-02-09 16:11:14,865 DEBUG    root            Loaded Command Group: ['gcloud', 'kms']
2024-02-09 16:11:14,875 DEBUG    root            No implementation for release track [GA] for element: [/mnt/c/Users/namhyuck.kim/AppData/Local/Google/Cloud SDK/google-cloud-sdk/lib/surface/terraform]
2024-02-09 16:11:14,878 DEBUG    root            Loaded Command Group: ['gcloud', 'vmware']
2024-02-09 16:11:14,893 DEBUG    root            Loaded Command Group: ['gcloud', 'storage']
2024-02-09 16:11:14,903 DEBUG    root            No implementation for release track [GA] for element: [/mnt/c/Users/namhyuck.kim/AppData/Local/Google/Cloud SDK/google-cloud-sdk/lib/surface/web_security_scanner]
2024-02-09 16:11:14,907 DEBUG    root            No implementation for release track [GA] for element: [/mnt/c/Users/namhyuck.kim/AppData/Local/Google/Cloud SDK/google-cloud-sdk/lib/surface/datapipelines]
2024-02-09 16:11:14,910 DEBUG    root            Loaded Command Group: ['gcloud', 'notebooks']
2024-02-09 16:11:14,919 DEBUG    root            Loaded Command Group: ['gcloud', 'meta']
2024-02-09 16:11:14,929 DEBUG    root            Loaded Command Group: ['gcloud', 'iap']
2024-02-09 16:11:14,950 DEBUG    root            Loaded Command Group: ['gcloud', 'feedback']
2024-02-09 16:11:14,955 DEBUG    root            Loaded Command Group: ['gcloud', 'alloydb']
2024-02-09 16:11:14,962 DEBUG    root            No implementation for release track [GA] for element: [/mnt/c/Users/namhyuck.kim/AppData/Local/Google/Cloud SDK/google-cloud-sdk/lib/surface/bq]
2024-02-09 16:11:14,965 DEBUG    root            Loaded Command Group: ['gcloud', 'edge_cloud']
2024-02-09 16:11:14,972 DEBUG    root            Loaded Command Group: ['gcloud', 'iot']
2024-02-09 16:11:14,978 DEBUG    root            Loaded Command Group: ['gcloud', 'app']
2024-02-09 16:11:14,995 DEBUG    root            No implementation for release track [GA] for element: [/mnt/c/Users/namhyuck.kim/AppData/Local/Google/Cloud SDK/google-cloud-sdk/lib/surface/telco_automation]
2024-02-09 16:11:14,998 DEBUG    root            Loaded Command Group: ['gcloud', 'anthos']
2024-02-09 16:11:15,007 DEBUG    root            Loaded Command Group: ['gcloud', 'services']
2024-02-09 16:11:15,015 DEBUG    root            Loaded Command Group: ['gcloud', 'ids']
2024-02-09 16:11:15,021 DEBUG    root            Loaded Command Group: ['gcloud', 'game']
2024-02-09 16:11:15,029 DEBUG    root            Loaded Command Group: ['gcloud', 'datastore']
2024-02-09 16:11:15,037 DEBUG    root            Loaded Command Group: ['gcloud', 'cloud_shell']
2024-02-09 16:11:15,042 DEBUG    root            No implementation for release track [GA] for element: [/mnt/c/Users/namhyuck.kim/AppData/Local/Google/Cloud SDK/google-cloud-sdk/lib/surface/data_fusion]
2024-02-09 16:11:15,045 DEBUG    root            Loaded Command Group: ['gcloud', 'sql']
2024-02-09 16:11:15,054 DEBUG    root            No implementation for release track [GA] for element: [/mnt/c/Users/namhyuck.kim/AppData/Local/Google/Cloud SDK/google-cloud-sdk/lib/surface/dlp]
2024-02-09 16:11:15,057 DEBUG    root            Loaded Command Group: ['gcloud', 'service_directory']
2024-02-09 16:11:15,065 DEBUG    root            Loaded Command Group: ['gcloud', 'asset']
2024-02-09 16:11:15,074 DEBUG    root            Loaded Command Group: ['gcloud', 'auth']
2024-02-09 16:11:15,098 DEBUG    root            Loaded Command Group: ['gcloud', 'info']
2024-02-09 16:11:15,102 DEBUG    root            No implementation for release track [GA] for element: [/mnt/c/Users/namhyuck.kim/AppData/Local/Google/Cloud SDK/google-cloud-sdk/lib/surface/publicca]
2024-02-09 16:11:15,105 DEBUG    root            Loaded Command Group: ['gcloud', 'immersive_stream']
2024-02-09 16:11:15,132 DEBUG    root            Loaded Command Group: ['gcloud', 'builds']
2024-02-09 16:11:15,144 DEBUG    root            Loaded Command Group: ['gcloud', 'recaptcha']
2024-02-09 16:11:15,165 DEBUG    root            Loaded Command Group: ['gcloud', 'init']
2024-02-09 16:11:15,170 DEBUG    root            Loaded Command Group: ['gcloud', 'monitoring']
2024-02-09 16:11:15,182 DEBUG    root            Loaded Command Group: ['gcloud', 'firestore']
2024-02-09 16:11:15,192 DEBUG    root            No implementation for release track [GA] for element: [/mnt/c/Users/namhyuck.kim/AppData/Local/Google/Cloud SDK/google-cloud-sdk/lib/surface/genomics]
2024-02-09 16:11:15,195 DEBUG    root            Loaded Command Group: ['gcloud', 'healthcare']
2024-02-09 16:11:15,205 DEBUG    root            Loaded Command Group: ['gcloud', 'assured']
2024-02-09 16:11:15,212 DEBUG    root            Loaded Command Group: ['gcloud', 'essential_contacts']
2024-02-09 16:11:15,220 DEBUG    root            Loaded Command Group: ['gcloud', 'policy_intelligence']
2024-02-09 16:11:15,237 DEBUG    root            No implementation for release track [GA] for element: [/mnt/c/Users/namhyuck.kim/AppData/Local/Google/Cloud SDK/google-cloud-sdk/lib/surface/code]
2024-02-09 16:11:15,240 DEBUG    root            Loaded Command Group: ['gcloud', 'edge_cache']
2024-02-09 16:11:15,353 DEBUG    root            No implementation for release track [GA] for element: [/mnt/c/Users/namhyuck.kim/AppData/Local/Google/Cloud SDK/google-cloud-sdk/lib/surface/events]
2024-02-09 16:11:15,360 DEBUG    root            Loaded Command Group: ['gcloud', 'cheat_sheet']
2024-02-09 16:11:15,367 DEBUG    root            Loaded Command Group: ['gcloud', 'dns']
2024-02-09 16:11:15,376 DEBUG    root            Loaded Command Group: ['gcloud', 'transcoder']
2024-02-09 16:11:15,383 DEBUG    root            Loaded Command Group: ['gcloud', 'dataflow']
2024-02-09 16:11:15,392 DEBUG    root            Loaded Command Group: ['gcloud', 'data_catalog']
2024-02-09 16:11:15,400 DEBUG    root            Loaded Command Group: ['gcloud', 'artifacts']
2024-02-09 16:11:15,415 DEBUG    root            No implementation for release track [GA] for element: [/mnt/c/Users/namhyuck.kim/AppData/Local/Google/Cloud SDK/google-cloud-sdk/lib/surface/netapp]
2024-02-09 16:11:15,418 DEBUG    root            Loaded Command Group: ['gcloud', 'run']
2024-02-09 16:11:15,429 DEBUG    root            Loaded Command Group: ['gcloud', 'spanner']
2024-02-09 16:11:15,438 DEBUG    root            No implementation for release track [GA] for element: [/mnt/c/Users/namhyuck.kim/AppData/Local/Google/Cloud SDK/google-cloud-sdk/lib/surface/dialogflow]
2024-02-09 16:11:15,441 DEBUG    root            Loaded Command Group: ['gcloud', 'components']
2024-02-09 16:11:15,508 DEBUG    root            Loaded Command Group: ['gcloud', 'ml_engine']
2024-02-09 16:11:15,517 DEBUG    root            Loaded Command Group: ['gcloud', 'pubsub']
2024-02-09 16:11:15,528 DEBUG    root            Loaded Command Group: ['gcloud', 'policy_troubleshoot']
2024-02-09 16:11:15,535 DEBUG    root            Loaded Command Group: ['gcloud', 'identity']
2024-02-09 16:11:15,542 DEBUG    root            Loaded Command Group: ['gcloud', 'tasks']
2024-02-09 16:11:15,551 DEBUG    root            No implementation for release track [GA] for element: [/mnt/c/Users/namhyuck.kim/AppData/Local/Google/Cloud SDK/google-cloud-sdk/lib/surface/media]
2024-02-09 16:11:15,553 DEBUG    root            Loaded Command Group: ['gcloud', 'scc']
2024-02-09 16:11:15,563 DEBUG    root            Loaded Command Group: ['gcloud', 'logging']
2024-02-09 16:11:15,574 DEBUG    root            Loaded Command Group: ['gcloud', 'privateca']
2024-02-09 16:11:15,582 DEBUG    root            Loaded Command Group: ['gcloud', 'ml']
2024-02-09 16:11:15,590 DEBUG    root            Loaded Command Group: ['gcloud', 'composer']
2024-02-09 16:11:15,597 DEBUG    root            Loaded Command Group: ['gcloud', 'dataplex']
2024-02-09 16:11:15,607 DEBUG    root            Loaded Command Group: ['gcloud', 'config']
2024-02-09 16:11:15,616 DEBUG    root            Loaded Command Group: ['gcloud', 'billing']
2024-02-09 16:11:15,623 DEBUG    root            Loaded Command Group: ['gcloud', 'batch']
2024-02-09 16:11:15,640 DEBUG    root            Loaded Command Group: ['gcloud', 'functions']
2024-02-09 16:11:15,650 DEBUG    root            No implementation for release track [GA] for element: [/mnt/c/Users/namhyuck.kim/AppData/Local/Google/Cloud SDK/google-cloud-sdk/lib/surface/looker]
2024-02-09 16:11:15,654 DEBUG    root            Loaded Command Group: ['gcloud', 'workspace_add_ons']
2024-02-09 16:11:15,662 DEBUG    root            Loaded Command Group: ['gcloud', 'endpoints']
2024-02-09 16:11:15,668 DEBUG    root            Loaded Command Group: ['gcloud', 'datastream']
2024-02-09 16:11:15,676 DEBUG    root            Loaded Command Group: ['gcloud', 'scheduler']
2024-02-09 16:11:15,682 DEBUG    root            Loaded Command Group: ['gcloud', 'source']
2024-02-09 16:11:15,707 DEBUG    root            Loaded Command Group: ['gcloud', 'help']
2024-02-09 16:11:15,712 DEBUG    root            Loaded Command Group: ['gcloud', 'active_directory']
2024-02-09 16:11:15,720 DEBUG    root            No implementation for release track [GA] for element: [/mnt/c/Users/namhyuck.kim/AppData/Local/Google/Cloud SDK/google-cloud-sdk/lib/surface/runtime_config]
2024-02-09 16:11:15,723 DEBUG    root            Loaded Command Group: ['gcloud', 'resource_manager']
2024-02-09 16:11:15,731 DEBUG    root            Loaded Command Group: ['gcloud', 'firebase']
2024-02-09 16:11:15,736 DEBUG    root            Loaded Command Group: ['gcloud', 'bigtable']
2024-02-09 16:11:15,743 DEBUG    root            Loaded Command Group: ['gcloud', 'apigee']
2024-02-09 16:11:15,755 DEBUG    root            No implementation for release track [GA] for element: [/mnt/c/Users/namhyuck.kim/AppData/Local/Google/Cloud SDK/google-cloud-sdk/lib/surface/commerce_procurement]
2024-02-09 16:11:15,758 DEBUG    root            Loaded Command Group: ['gcloud', 'access_context_manager']
2024-02-09 16:11:15,766 DEBUG    root            Loaded Command Group: ['gcloud', 'secrets']
2024-02-09 16:11:15,775 DEBUG    root            Loaded Command Group: ['gcloud', 'workflows']
2024-02-09 16:11:15,783 DEBUG    root            No implementation for release track [GA] for element: [/mnt/c/Users/namhyuck.kim/AppData/Local/Google/Cloud SDK/google-cloud-sdk/lib/surface/trace]
2024-02-09 16:11:15,785 DEBUG    root            No implementation for release track [GA] for element: [/mnt/c/Users/namhyuck.kim/AppData/Local/Google/Cloud SDK/google-cloud-sdk/lib/surface/blockchain_node_engine]
2024-02-09 16:11:15,787 DEBUG    root            Loaded Command Group: ['gcloud', 'api_gateway']
2024-02-09 16:11:15,795 DEBUG    root            Loaded Command Group: ['gcloud', 'network_services']
2024-02-09 16:11:15,804 DEBUG    root            No implementation for release track [GA] for element: [/mnt/c/Users/namhyuck.kim/AppData/Local/Google/Cloud SDK/google-cloud-sdk/lib/surface/microservices]
2024-02-09 16:11:15,806 DEBUG    root            No implementation for release track [GA] for element: [/mnt/c/Users/namhyuck.kim/AppData/Local/Google/Cloud SDK/google-cloud-sdk/lib/surface/blueprints]
2024-02-09 16:11:15,809 DEBUG    root            Loaded Command Group: ['gcloud', 'certificate_manager']
2024-02-09 16:11:15,816 DEBUG    root            Loaded Command Group: ['gcloud', 'metastore']
2024-02-09 16:11:15,824 DEBUG    root            Loaded Command Group: ['gcloud', 'org_policies']
2024-02-09 16:11:15,833 DEBUG    root            Loaded Command Group: ['gcloud', 'dataproc']
2024-02-09 16:11:15,841 DEBUG    root            Loaded Command Group: ['gcloud', 'eventarc']
2024-02-09 16:11:15,850 DEBUG    root            Loaded Command Group: ['gcloud', 'iam']
2024-02-09 16:11:15,858 DEBUG    root            Loaded Command Group: ['gcloud', 'topic']
2024-02-09 16:11:15,866 DEBUG    root            Loaded Command Group: ['gcloud', 'network_management']
2024-02-09 16:11:15,875 DEBUG    root            Loaded Command Group: ['gcloud', 'memcache']
2024-02-09 16:11:15,882 DEBUG    root            Loaded Command Group: ['gcloud', 'deploy']
2024-02-09 16:11:15,889 DEBUG    root            Loaded Command Group: ['gcloud', 'redis']
2024-02-09 16:11:15,896 DEBUG    root            Loaded Command Group: ['gcloud', 'domains']
2024-02-09 16:11:15,901 DEBUG    root            Loaded Command Group: ['gcloud', 'access_approval']
2024-02-09 16:11:16,345 INFO     ___FILE_ONLY___ 

Command killed by keyboard interrupt


